{"C:\\Users\\musta\\Desktop\\bootcamp\\vue-solitaire\\src\\main.js": {"path":"C:\\Users\\musta\\Desktop\\bootcamp\\vue-solitaire\\src\\main.js","statementMap":{"0":{"start":{"line":10,"column":0},"end":{"line":10,"column":32}},"1":{"start":{"line":12,"column":0},"end":{"line":12,"column":38}},"2":{"start":{"line":14,"column":0},"end":{"line":18,"column":17}},"3":{"start":{"line":17,"column":15},"end":{"line":17,"column":21}}},"fnMap":{"0":{"name":"(anonymous_0)","decl":{"start":{"line":17,"column":10},"end":{"line":17,"column":11}},"loc":{"start":{"line":17,"column":15},"end":{"line":17,"column":21}},"line":17}},"branchMap":{},"s":{"0":0,"1":0,"2":0,"3":0},"f":{"0":0},"b":{},"hash":"86db8060821bf5fe1f6616c4fb141aa21f0b3b50"}
,"C:\\Users\\musta\\Desktop\\bootcamp\\vue-solitaire\\src\\components\\Board.vue": {"path":"C:\\Users\\musta\\Desktop\\bootcamp\\vue-solitaire\\src\\components\\Board.vue","statementMap":{"0":{"start":{"line":23,"column":0},"end":{"line":23,"column":null}},"1":{"start":{"line":24,"column":0},"end":{"line":24,"column":null}},"2":{"start":{"line":28,"column":0},"end":{"line":28,"column":null}}},"fnMap":{"0":{"name":"(anonymous_1)","decl":{"start":{"line":22,"column":0},"end":{"line":22,"column":null}},"loc":{"start":{"line":22,"column":0},"end":{"line":29,"column":null}}}},"branchMap":{},"s":{"0":0,"1":0,"2":0},"f":{"0":0},"b":{}}
,"C:\\Users\\musta\\Desktop\\bootcamp\\vue-solitaire\\src\\components\\Dialog\\BackDialog.vue": {"path":"C:\\Users\\musta\\Desktop\\bootcamp\\vue-solitaire\\src\\components\\Dialog\\BackDialog.vue","statementMap":{"0":{"start":{"line":16,"column":0},"end":{"line":16,"column":null}},"1":{"start":{"line":17,"column":0},"end":{"line":17,"column":null}},"2":{"start":{"line":18,"column":0},"end":{"line":18,"column":null}},"3":{"start":{"line":19,"column":0},"end":{"line":19,"column":null}},"4":{"start":{"line":34,"column":0},"end":{"line":34,"column":null}},"5":{"start":{"line":41,"column":0},"end":{"line":41,"column":null}},"6":{"start":{"line":44,"column":0},"end":{"line":44,"column":null}}},"fnMap":{"0":{"name":"(anonymous_1)","decl":{"start":{"line":33,"column":0},"end":{"line":33,"column":null}},"loc":{"start":{"line":33,"column":0},"end":{"line":38,"column":null}}},"1":{"name":"(anonymous_2)","decl":{"start":{"line":40,"column":0},"end":{"line":40,"column":null}},"loc":{"start":{"line":40,"column":0},"end":{"line":42,"column":null}}},"2":{"name":"(anonymous_3)","decl":{"start":{"line":43,"column":0},"end":{"line":43,"column":null}},"loc":{"start":{"line":43,"column":0},"end":{"line":45,"column":null}}}},"branchMap":{},"s":{"0":0,"1":0,"2":0,"3":0,"4":0,"5":0,"6":0},"f":{"0":0,"1":0,"2":0},"b":{}}
,"C:\\Users\\musta\\Desktop\\bootcamp\\vue-solitaire\\src\\components\\Dialog\\RestartDialog.vue": {"path":"C:\\Users\\musta\\Desktop\\bootcamp\\vue-solitaire\\src\\components\\Dialog\\RestartDialog.vue","statementMap":{"0":{"start":{"line":16,"column":0},"end":{"line":16,"column":null}},"1":{"start":{"line":17,"column":0},"end":{"line":17,"column":null}},"2":{"start":{"line":18,"column":0},"end":{"line":18,"column":null}},"3":{"start":{"line":19,"column":0},"end":{"line":19,"column":null}},"4":{"start":{"line":34,"column":0},"end":{"line":34,"column":null}},"5":{"start":{"line":41,"column":0},"end":{"line":41,"column":null}},"6":{"start":{"line":44,"column":0},"end":{"line":44,"column":null}}},"fnMap":{"0":{"name":"(anonymous_1)","decl":{"start":{"line":33,"column":0},"end":{"line":33,"column":null}},"loc":{"start":{"line":33,"column":0},"end":{"line":38,"column":null}}},"1":{"name":"(anonymous_2)","decl":{"start":{"line":40,"column":0},"end":{"line":40,"column":null}},"loc":{"start":{"line":40,"column":0},"end":{"line":42,"column":null}}},"2":{"name":"(anonymous_3)","decl":{"start":{"line":43,"column":0},"end":{"line":43,"column":null}},"loc":{"start":{"line":43,"column":0},"end":{"line":45,"column":null}}}},"branchMap":{},"s":{"0":0,"1":0,"2":0,"3":0,"4":0,"5":0,"6":0},"f":{"0":0,"1":0,"2":0},"b":{}}
,"C:\\Users\\musta\\Desktop\\bootcamp\\vue-solitaire\\src\\components\\Shared\\TableDeck.vue": {"path":"C:\\Users\\musta\\Desktop\\bootcamp\\vue-solitaire\\src\\components\\Shared\\TableDeck.vue","statementMap":{"0":{"start":{"line":37,"column":0},"end":{"line":37,"column":null}},"1":{"start":{"line":43,"column":0},"end":{"line":43,"column":null}},"2":{"start":{"line":53,"column":0},"end":{"line":53,"column":null}},"3":{"start":{"line":56,"column":0},"end":{"line":56,"column":null}},"4":{"start":{"line":59,"column":0},"end":{"line":59,"column":null}},"5":{"start":{"line":64,"column":0},"end":{"line":64,"column":null}}},"fnMap":{"0":{"name":"(anonymous_1)","decl":{"start":{"line":42,"column":0},"end":{"line":42,"column":null}},"loc":{"start":{"line":42,"column":0},"end":{"line":50,"column":null}}},"1":{"name":"(anonymous_2)","decl":{"start":{"line":52,"column":0},"end":{"line":52,"column":null}},"loc":{"start":{"line":52,"column":0},"end":{"line":54,"column":null}}},"2":{"name":"(anonymous_3)","decl":{"start":{"line":55,"column":0},"end":{"line":55,"column":null}},"loc":{"start":{"line":55,"column":0},"end":{"line":57,"column":null}}},"3":{"name":"(anonymous_4)","decl":{"start":{"line":58,"column":0},"end":{"line":58,"column":null}},"loc":{"start":{"line":58,"column":0},"end":{"line":60,"column":null}}},"4":{"name":"(anonymous_5)","decl":{"start":{"line":63,"column":0},"end":{"line":63,"column":null}},"loc":{"start":{"line":63,"column":0},"end":{"line":65,"column":null}}}},"branchMap":{},"s":{"0":0,"1":0,"2":0,"3":0,"4":0,"5":0},"f":{"0":0,"1":0,"2":0,"3":0,"4":0},"b":{}}
,"C:\\Users\\musta\\Desktop\\bootcamp\\vue-solitaire\\src\\components\\Shared\\TableTop.vue": {"path":"C:\\Users\\musta\\Desktop\\bootcamp\\vue-solitaire\\src\\components\\Shared\\TableTop.vue","statementMap":{"0":{"start":{"line":42,"column":0},"end":{"line":42,"column":null}},"1":{"start":{"line":43,"column":0},"end":{"line":43,"column":null}},"2":{"start":{"line":44,"column":0},"end":{"line":44,"column":null}},"3":{"start":{"line":52,"column":0},"end":{"line":52,"column":null}},"4":{"start":{"line":61,"column":0},"end":{"line":61,"column":null}},"5":{"start":{"line":66,"column":0},"end":{"line":68,"column":null}},"6":{"start":{"line":67,"column":0},"end":{"line":67,"column":null}},"7":{"start":{"line":72,"column":0},"end":{"line":74,"column":null}},"8":{"start":{"line":73,"column":0},"end":{"line":73,"column":null}},"9":{"start":{"line":78,"column":0},"end":{"line":78,"column":null}},"10":{"start":{"line":79,"column":0},"end":{"line":79,"column":null}},"11":{"start":{"line":80,"column":0},"end":{"line":82,"column":null}},"12":{"start":{"line":81,"column":0},"end":{"line":81,"column":null}},"13":{"start":{"line":85,"column":0},"end":{"line":87,"column":null}},"14":{"start":{"line":86,"column":0},"end":{"line":86,"column":null}},"15":{"start":{"line":90,"column":0},"end":{"line":90,"column":null}},"16":{"start":{"line":91,"column":0},"end":{"line":91,"column":null}},"17":{"start":{"line":94,"column":0},"end":{"line":94,"column":null}},"18":{"start":{"line":95,"column":0},"end":{"line":95,"column":null}},"19":{"start":{"line":96,"column":0},"end":{"line":96,"column":null}},"20":{"start":{"line":101,"column":0},"end":{"line":114,"column":null}},"21":{"start":{"line":102,"column":0},"end":{"line":102,"column":null}},"22":{"start":{"line":103,"column":0},"end":{"line":103,"column":null}},"23":{"start":{"line":105,"column":0},"end":{"line":105,"column":null}},"24":{"start":{"line":107,"column":0},"end":{"line":107,"column":null}},"25":{"start":{"line":108,"column":0},"end":{"line":108,"column":null}},"26":{"start":{"line":110,"column":0},"end":{"line":110,"column":null}},"27":{"start":{"line":111,"column":0},"end":{"line":111,"column":null}},"28":{"start":{"line":113,"column":0},"end":{"line":113,"column":null}}},"fnMap":{"0":{"name":"(anonymous_1)","decl":{"start":{"line":51,"column":0},"end":{"line":51,"column":null}},"loc":{"start":{"line":51,"column":0},"end":{"line":58,"column":null}}},"1":{"name":"(anonymous_2)","decl":{"start":{"line":60,"column":0},"end":{"line":60,"column":null}},"loc":{"start":{"line":60,"column":0},"end":{"line":62,"column":null}}},"2":{"name":"(anonymous_3)","decl":{"start":{"line":65,"column":0},"end":{"line":65,"column":null}},"loc":{"start":{"line":65,"column":0},"end":{"line":69,"column":null}}},"3":{"name":"(anonymous_4)","decl":{"start":{"line":71,"column":0},"end":{"line":71,"column":null}},"loc":{"start":{"line":71,"column":0},"end":{"line":75,"column":null}}},"4":{"name":"(anonymous_5)","decl":{"start":{"line":77,"column":0},"end":{"line":77,"column":null}},"loc":{"start":{"line":77,"column":0},"end":{"line":83,"column":null}}},"5":{"name":"(anonymous_6)","decl":{"start":{"line":80,"column":0},"end":{"line":80,"column":null}},"loc":{"start":{"line":80,"column":0},"end":{"line":82,"column":null}}},"6":{"name":"(anonymous_7)","decl":{"start":{"line":84,"column":0},"end":{"line":84,"column":null}},"loc":{"start":{"line":84,"column":0},"end":{"line":88,"column":null}}},"7":{"name":"(anonymous_8)","decl":{"start":{"line":89,"column":0},"end":{"line":89,"column":null}},"loc":{"start":{"line":89,"column":0},"end":{"line":92,"column":null}}},"8":{"name":"(anonymous_9)","decl":{"start":{"line":93,"column":0},"end":{"line":93,"column":null}},"loc":{"start":{"line":93,"column":0},"end":{"line":97,"column":null}}},"9":{"name":"(anonymous_10)","decl":{"start":{"line":100,"column":0},"end":{"line":100,"column":null}},"loc":{"start":{"line":100,"column":0},"end":{"line":115,"column":null}}}},"branchMap":{"0":{"loc":{"start":{"line":66,"column":0},"end":{"line":68,"column":null}},"type":"if","locations":[{"start":{"line":66,"column":0},"end":{"line":68,"column":null}},{"start":{"line":66,"column":0},"end":{"line":68,"column":null}}]},"1":{"loc":{"start":{"line":72,"column":0},"end":{"line":74,"column":null}},"type":"if","locations":[{"start":{"line":72,"column":0},"end":{"line":74,"column":null}},{"start":{"line":72,"column":0},"end":{"line":74,"column":null}}]},"2":{"loc":{"start":{"line":85,"column":0},"end":{"line":87,"column":null}},"type":"if","locations":[{"start":{"line":85,"column":0},"end":{"line":87,"column":null}},{"start":{"line":85,"column":0},"end":{"line":87,"column":null}}]},"3":{"loc":{"start":{"line":101,"column":0},"end":{"line":114,"column":null}},"type":"if","locations":[{"start":{"line":101,"column":0},"end":{"line":114,"column":null}},{"start":{"line":101,"column":0},"end":{"line":114,"column":null}}]},"4":{"loc":{"start":{"line":103,"column":0},"end":{"line":103,"column":null}},"type":"if","locations":[{"start":{"line":103,"column":0},"end":{"line":103,"column":null}},{"start":{"line":103,"column":0},"end":{"line":103,"column":null}}]},"5":{"loc":{"start":{"line":108,"column":0},"end":{"line":108,"column":null}},"type":"if","locations":[{"start":{"line":108,"column":0},"end":{"line":108,"column":null}},{"start":{"line":108,"column":0},"end":{"line":108,"column":null}}]},"6":{"loc":{"start":{"line":111,"column":0},"end":{"line":111,"column":null}},"type":"if","locations":[{"start":{"line":111,"column":0},"end":{"line":111,"column":null}},{"start":{"line":111,"column":0},"end":{"line":111,"column":null}}]}},"s":{"0":0,"1":0,"2":0,"3":0,"4":0,"5":0,"6":0,"7":0,"8":0,"9":0,"10":0,"11":0,"12":0,"13":0,"14":0,"15":0,"16":0,"17":0,"18":0,"19":0,"20":0,"21":0,"22":0,"23":0,"24":0,"25":0,"26":0,"27":0,"28":0},"f":{"0":0,"1":0,"2":0,"3":0,"4":0,"5":0,"6":0,"7":0,"8":0,"9":0},"b":{"0":[0,0],"1":[0,0],"2":[0,0],"3":[0,0],"4":[0,0],"5":[0,0],"6":[0,0]}}
,"C:\\Users\\musta\\Desktop\\bootcamp\\vue-solitaire\\src\\router\\index.js": {"path":"C:\\Users\\musta\\Desktop\\bootcamp\\vue-solitaire\\src\\router\\index.js","statementMap":{"0":{"start":{"line":6,"column":0},"end":{"line":6,"column":18}},"1":{"start":{"line":8,"column":15},"end":{"line":19,"column":1}},"2":{"start":{"line":21,"column":15},"end":{"line":23,"column":2}}},"fnMap":{},"branchMap":{},"s":{"0":0,"1":0,"2":0},"f":{},"b":{},"hash":"b037a06b47fdd2d1f00d07c58c0ae9f444c01560"}
,"C:\\Users\\musta\\Desktop\\bootcamp\\vue-solitaire\\src\\store\\actions.js": {"path":"C:\\Users\\musta\\Desktop\\bootcamp\\vue-solitaire\\src\\store\\actions.js","statementMap":{"0":{"start":{"line":6,"column":8},"end":{"line":6,"column":48}},"1":{"start":{"line":7,"column":8},"end":{"line":7,"column":49}},"2":{"start":{"line":9,"column":8},"end":{"line":9,"column":24}},"3":{"start":{"line":10,"column":8},"end":{"line":12,"column":11}},"4":{"start":{"line":15,"column":8},"end":{"line":15,"column":49}},"5":{"start":{"line":16,"column":8},"end":{"line":16,"column":50}},"6":{"start":{"line":18,"column":8},"end":{"line":18,"column":24}},"7":{"start":{"line":19,"column":8},"end":{"line":21,"column":11}},"8":{"start":{"line":24,"column":8},"end":{"line":48,"column":9}},"9":{"start":{"line":25,"column":12},"end":{"line":47,"column":13}},"10":{"start":{"line":27,"column":16},"end":{"line":27,"column":47}},"11":{"start":{"line":28,"column":16},"end":{"line":28,"column":50}},"12":{"start":{"line":29,"column":16},"end":{"line":29,"column":45}},"13":{"start":{"line":31,"column":37},"end":{"line":31,"column":69}},"14":{"start":{"line":32,"column":16},"end":{"line":46,"column":17}},"15":{"start":{"line":34,"column":49},"end":{"line":37,"column":21}},"16":{"start":{"line":39,"column":20},"end":{"line":39,"column":64}},"17":{"start":{"line":40,"column":20},"end":{"line":40,"column":52}},"18":{"start":{"line":41,"column":20},"end":{"line":41,"column":64}},"19":{"start":{"line":43,"column":20},"end":{"line":45,"column":21}},"20":{"start":{"line":44,"column":24},"end":{"line":44,"column":42}},"21":{"start":{"line":51,"column":8},"end":{"line":66,"column":9}},"22":{"start":{"line":52,"column":12},"end":{"line":65,"column":13}},"23":{"start":{"line":52,"column":22},"end":{"line":52,"column":23}},"24":{"start":{"line":53,"column":33},"end":{"line":53,"column":55}},"25":{"start":{"line":55,"column":16},"end":{"line":64,"column":17}},"26":{"start":{"line":56,"column":33},"end":{"line":56,"column":62}},"27":{"start":{"line":58,"column":36},"end":{"line":61,"column":21}},"28":{"start":{"line":63,"column":20},"end":{"line":63,"column":47}},"29":{"start":{"line":74,"column":8},"end":{"line":74,"column":36}},"30":{"start":{"line":75,"column":8},"end":{"line":75,"column":27}},"31":{"start":{"line":76,"column":8},"end":{"line":76,"column":30}},"32":{"start":{"line":77,"column":8},"end":{"line":77,"column":29}},"33":{"start":{"line":80,"column":21},"end":{"line":80,"column":23}},"34":{"start":{"line":81,"column":8},"end":{"line":87,"column":9}},"35":{"start":{"line":81,"column":18},"end":{"line":81,"column":19}},"36":{"start":{"line":82,"column":26},"end":{"line":85,"column":13}},"37":{"start":{"line":86,"column":12},"end":{"line":86,"column":30}},"38":{"start":{"line":88,"column":8},"end":{"line":88,"column":35}},"39":{"start":{"line":91,"column":41},"end":{"line":91,"column":53}},"40":{"start":{"line":92,"column":8},"end":{"line":92,"column":43}},"41":{"start":{"line":94,"column":8},"end":{"line":109,"column":9}},"42":{"start":{"line":95,"column":12},"end":{"line":108,"column":13}},"43":{"start":{"line":95,"column":22},"end":{"line":95,"column":23}},"44":{"start":{"line":96,"column":33},"end":{"line":96,"column":47}},"45":{"start":{"line":98,"column":16},"end":{"line":107,"column":17}},"46":{"start":{"line":99,"column":33},"end":{"line":99,"column":93}},"47":{"start":{"line":101,"column":36},"end":{"line":104,"column":21}},"48":{"start":{"line":106,"column":20},"end":{"line":106,"column":47}}},"fnMap":{"0":{"name":"(anonymous_0)","decl":{"start":{"line":5,"column":4},"end":{"line":5,"column":5}},"loc":{"start":{"line":5,"column":40},"end":{"line":13,"column":5}},"line":5},"1":{"name":"(anonymous_1)","decl":{"start":{"line":14,"column":4},"end":{"line":14,"column":5}},"loc":{"start":{"line":14,"column":47},"end":{"line":22,"column":5}},"line":14},"2":{"name":"(anonymous_2)","decl":{"start":{"line":23,"column":4},"end":{"line":23,"column":5}},"loc":{"start":{"line":23,"column":29},"end":{"line":49,"column":5}},"line":23},"3":{"name":"(anonymous_3)","decl":{"start":{"line":50,"column":4},"end":{"line":50,"column":5}},"loc":{"start":{"line":50,"column":36},"end":{"line":67,"column":5}},"line":50},"4":{"name":"(anonymous_4)","decl":{"start":{"line":68,"column":4},"end":{"line":68,"column":5}},"loc":{"start":{"line":68,"column":30},"end":{"line":78,"column":5}},"line":68},"5":{"name":"(anonymous_5)","decl":{"start":{"line":79,"column":4},"end":{"line":79,"column":5}},"loc":{"start":{"line":79,"column":26},"end":{"line":89,"column":5}},"line":79},"6":{"name":"(anonymous_6)","decl":{"start":{"line":90,"column":4},"end":{"line":90,"column":5}},"loc":{"start":{"line":90,"column":32},"end":{"line":110,"column":5}},"line":90}},"branchMap":{"0":{"loc":{"start":{"line":24,"column":8},"end":{"line":48,"column":9}},"type":"if","locations":[{"start":{"line":24,"column":8},"end":{"line":48,"column":9}},{"start":{"line":24,"column":8},"end":{"line":48,"column":9}}],"line":24},"1":{"loc":{"start":{"line":24,"column":11},"end":{"line":24,"column":82}},"type":"binary-expr","locations":[{"start":{"line":24,"column":11},"end":{"line":24,"column":18}},{"start":{"line":24,"column":22},"end":{"line":24,"column":35}},{"start":{"line":24,"column":39},"end":{"line":24,"column":63}},{"start":{"line":24,"column":67},"end":{"line":24,"column":82}}],"line":24},"2":{"loc":{"start":{"line":25,"column":12},"end":{"line":47,"column":13}},"type":"if","locations":[{"start":{"line":25,"column":12},"end":{"line":47,"column":13}},{"start":{"line":25,"column":12},"end":{"line":47,"column":13}}],"line":25},"3":{"loc":{"start":{"line":32,"column":16},"end":{"line":46,"column":17}},"type":"if","locations":[{"start":{"line":32,"column":16},"end":{"line":46,"column":17}},{"start":{"line":32,"column":16},"end":{"line":46,"column":17}}],"line":32},"4":{"loc":{"start":{"line":43,"column":20},"end":{"line":45,"column":21}},"type":"if","locations":[{"start":{"line":43,"column":20},"end":{"line":45,"column":21}},{"start":{"line":43,"column":20},"end":{"line":45,"column":21}}],"line":43},"5":{"loc":{"start":{"line":51,"column":8},"end":{"line":66,"column":9}},"type":"if","locations":[{"start":{"line":51,"column":8},"end":{"line":66,"column":9}},{"start":{"line":51,"column":8},"end":{"line":66,"column":9}}],"line":51},"6":{"loc":{"start":{"line":51,"column":11},"end":{"line":51,"column":58}},"type":"binary-expr","locations":[{"start":{"line":51,"column":11},"end":{"line":51,"column":27}},{"start":{"line":51,"column":31},"end":{"line":51,"column":58}}],"line":51},"7":{"loc":{"start":{"line":55,"column":16},"end":{"line":64,"column":17}},"type":"if","locations":[{"start":{"line":55,"column":16},"end":{"line":64,"column":17}},{"start":{"line":55,"column":16},"end":{"line":64,"column":17}}],"line":55},"8":{"loc":{"start":{"line":98,"column":16},"end":{"line":107,"column":17}},"type":"if","locations":[{"start":{"line":98,"column":16},"end":{"line":107,"column":17}},{"start":{"line":98,"column":16},"end":{"line":107,"column":17}}],"line":98},"9":{"loc":{"start":{"line":99,"column":57},"end":{"line":99,"column":92}},"type":"cond-expr","locations":[{"start":{"line":99,"column":80},"end":{"line":99,"column":85}},{"start":{"line":99,"column":88},"end":{"line":99,"column":92}}],"line":99}},"s":{"0":0,"1":0,"2":0,"3":0,"4":0,"5":0,"6":0,"7":0,"8":0,"9":0,"10":0,"11":0,"12":0,"13":0,"14":0,"15":0,"16":0,"17":0,"18":0,"19":0,"20":0,"21":0,"22":0,"23":0,"24":0,"25":0,"26":0,"27":0,"28":0,"29":0,"30":0,"31":0,"32":0,"33":0,"34":0,"35":0,"36":0,"37":0,"38":0,"39":0,"40":0,"41":0,"42":0,"43":0,"44":0,"45":0,"46":0,"47":0,"48":0},"f":{"0":0,"1":0,"2":0,"3":0,"4":0,"5":0,"6":0},"b":{"0":[0,0],"1":[0,0,0,0],"2":[0,0],"3":[0,0],"4":[0,0],"5":[0,0],"6":[0,0],"7":[0,0],"8":[0,0],"9":[0,0]},"_coverageSchema":"43e27e138ebf9cfc5966b082cf9a028302ed4184","hash":"bd8de19a955f8a47827d995027683a5894d98734"}
,"C:\\Users\\musta\\Desktop\\bootcamp\\vue-solitaire\\src\\store\\getters.js": {"path":"C:\\Users\\musta\\Desktop\\bootcamp\\vue-solitaire\\src\\store\\getters.js","statementMap":{"0":{"start":{"line":3,"column":8},"end":{"line":3,"column":28}},"1":{"start":{"line":6,"column":8},"end":{"line":6,"column":36}},"2":{"start":{"line":9,"column":8},"end":{"line":9,"column":32}},"3":{"start":{"line":12,"column":8},"end":{"line":12,"column":78}}},"fnMap":{"0":{"name":"(anonymous_0)","decl":{"start":{"line":2,"column":4},"end":{"line":2,"column":5}},"loc":{"start":{"line":2,"column":20},"end":{"line":4,"column":5}},"line":2},"1":{"name":"(anonymous_1)","decl":{"start":{"line":5,"column":4},"end":{"line":5,"column":5}},"loc":{"start":{"line":5,"column":25},"end":{"line":7,"column":5}},"line":5},"2":{"name":"(anonymous_2)","decl":{"start":{"line":8,"column":4},"end":{"line":8,"column":5}},"loc":{"start":{"line":8,"column":21},"end":{"line":10,"column":5}},"line":8},"3":{"name":"(anonymous_3)","decl":{"start":{"line":11,"column":4},"end":{"line":11,"column":5}},"loc":{"start":{"line":11,"column":27},"end":{"line":13,"column":5}},"line":11}},"branchMap":{"0":{"loc":{"start":{"line":12,"column":15},"end":{"line":12,"column":77}},"type":"cond-expr","locations":[{"start":{"line":12,"column":65},"end":{"line":12,"column":69}},{"start":{"line":12,"column":72},"end":{"line":12,"column":77}}],"line":12},"1":{"loc":{"start":{"line":12,"column":15},"end":{"line":12,"column":62}},"type":"binary-expr","locations":[{"start":{"line":12,"column":15},"end":{"line":12,"column":31}},{"start":{"line":12,"column":35},"end":{"line":12,"column":62}}],"line":12}},"s":{"0":0,"1":0,"2":0,"3":0},"f":{"0":0,"1":0,"2":0,"3":0},"b":{"0":[0,0],"1":[0,0]},"_coverageSchema":"43e27e138ebf9cfc5966b082cf9a028302ed4184","hash":"ae8827c4a5ac14a2702c78b9e4ac81be22de6519"}
,"C:\\Users\\musta\\Desktop\\bootcamp\\vue-solitaire\\src\\store\\index.js": {"path":"C:\\Users\\musta\\Desktop\\bootcamp\\vue-solitaire\\src\\store\\index.js","statementMap":{"0":{"start":{"line":8,"column":0},"end":{"line":8,"column":14}}},"fnMap":{},"branchMap":{},"s":{"0":2},"f":{},"b":{},"_coverageSchema":"43e27e138ebf9cfc5966b082cf9a028302ed4184","hash":"6f4a9e30e38fea580c490a6ae7537684ed572d27"}
,"C:\\Users\\musta\\Desktop\\bootcamp\\vue-solitaire\\src\\store\\mutations.js": {"path":"C:\\Users\\musta\\Desktop\\bootcamp\\vue-solitaire\\src\\store\\mutations.js","statementMap":{"0":{"start":{"line":5,"column":8},"end":{"line":5,"column":32}},"1":{"start":{"line":8,"column":8},"end":{"line":8,"column":47}},"2":{"start":{"line":11,"column":26},"end":{"line":11,"column":57}},"3":{"start":{"line":13,"column":8},"end":{"line":17,"column":9}},"4":{"start":{"line":14,"column":12},"end":{"line":16,"column":15}},"5":{"start":{"line":15,"column":16},"end":{"line":15,"column":46}},"6":{"start":{"line":21,"column":27},"end":{"line":21,"column":66}},"7":{"start":{"line":23,"column":8},"end":{"line":27,"column":9}},"8":{"start":{"line":24,"column":12},"end":{"line":26,"column":14}},"9":{"start":{"line":25,"column":16},"end":{"line":25,"column":92}},"10":{"start":{"line":25,"column":67},"end":{"line":25,"column":90}},"11":{"start":{"line":30,"column":27},"end":{"line":30,"column":66}},"12":{"start":{"line":32,"column":8},"end":{"line":37,"column":9}},"13":{"start":{"line":33,"column":29},"end":{"line":33,"column":99}},"14":{"start":{"line":34,"column":12},"end":{"line":36,"column":13}},"15":{"start":{"line":35,"column":16},"end":{"line":35,"column":37}},"16":{"start":{"line":41,"column":26},"end":{"line":41,"column":57}},"17":{"start":{"line":43,"column":8},"end":{"line":47,"column":9}},"18":{"start":{"line":44,"column":12},"end":{"line":46,"column":14}},"19":{"start":{"line":45,"column":16},"end":{"line":45,"column":90}},"20":{"start":{"line":45,"column":65},"end":{"line":45,"column":88}},"21":{"start":{"line":50,"column":27},"end":{"line":50,"column":58}},"22":{"start":{"line":52,"column":8},"end":{"line":57,"column":9}},"23":{"start":{"line":53,"column":29},"end":{"line":53,"column":74}},"24":{"start":{"line":54,"column":12},"end":{"line":56,"column":13}},"25":{"start":{"line":55,"column":16},"end":{"line":55,"column":37}},"26":{"start":{"line":61,"column":8},"end":{"line":61,"column":31}},"27":{"start":{"line":64,"column":8},"end":{"line":64,"column":35}},"28":{"start":{"line":67,"column":8},"end":{"line":69,"column":9}},"29":{"start":{"line":68,"column":12},"end":{"line":68,"column":51}},"30":{"start":{"line":72,"column":8},"end":{"line":72,"column":56}},"31":{"start":{"line":73,"column":8},"end":{"line":77,"column":9}},"32":{"start":{"line":74,"column":12},"end":{"line":76,"column":15}},"33":{"start":{"line":80,"column":8},"end":{"line":80,"column":32}},"34":{"start":{"line":83,"column":8},"end":{"line":83,"column":36}},"35":{"start":{"line":86,"column":8},"end":{"line":86,"column":33}}},"fnMap":{"0":{"name":"(anonymous_0)","decl":{"start":{"line":4,"column":4},"end":{"line":4,"column":5}},"loc":{"start":{"line":4,"column":31},"end":{"line":6,"column":5}},"line":4},"1":{"name":"(anonymous_1)","decl":{"start":{"line":7,"column":4},"end":{"line":7,"column":5}},"loc":{"start":{"line":7,"column":32},"end":{"line":9,"column":5}},"line":7},"2":{"name":"(anonymous_2)","decl":{"start":{"line":10,"column":4},"end":{"line":10,"column":5}},"loc":{"start":{"line":10,"column":31},"end":{"line":18,"column":5}},"line":10},"3":{"name":"(anonymous_3)","decl":{"start":{"line":14,"column":34},"end":{"line":14,"column":35}},"loc":{"start":{"line":14,"column":46},"end":{"line":16,"column":13}},"line":14},"4":{"name":"(anonymous_4)","decl":{"start":{"line":19,"column":4},"end":{"line":19,"column":5}},"loc":{"start":{"line":19,"column":36},"end":{"line":28,"column":5}},"line":19},"5":{"name":"(anonymous_5)","decl":{"start":{"line":24,"column":34},"end":{"line":24,"column":35}},"loc":{"start":{"line":24,"column":46},"end":{"line":26,"column":13}},"line":24},"6":{"name":"(anonymous_6)","decl":{"start":{"line":25,"column":59},"end":{"line":25,"column":60}},"loc":{"start":{"line":25,"column":67},"end":{"line":25,"column":90}},"line":25},"7":{"name":"(anonymous_7)","decl":{"start":{"line":29,"column":4},"end":{"line":29,"column":5}},"loc":{"start":{"line":29,"column":32},"end":{"line":38,"column":5}},"line":29},"8":{"name":"(anonymous_8)","decl":{"start":{"line":39,"column":4},"end":{"line":39,"column":5}},"loc":{"start":{"line":39,"column":32},"end":{"line":48,"column":5}},"line":39},"9":{"name":"(anonymous_9)","decl":{"start":{"line":44,"column":34},"end":{"line":44,"column":35}},"loc":{"start":{"line":44,"column":46},"end":{"line":46,"column":13}},"line":44},"10":{"name":"(anonymous_10)","decl":{"start":{"line":45,"column":57},"end":{"line":45,"column":58}},"loc":{"start":{"line":45,"column":65},"end":{"line":45,"column":88}},"line":45},"11":{"name":"(anonymous_11)","decl":{"start":{"line":49,"column":4},"end":{"line":49,"column":5}},"loc":{"start":{"line":49,"column":32},"end":{"line":59,"column":5}},"line":49},"12":{"name":"(anonymous_12)","decl":{"start":{"line":60,"column":4},"end":{"line":60,"column":5}},"loc":{"start":{"line":60,"column":29},"end":{"line":62,"column":5}},"line":60},"13":{"name":"(anonymous_13)","decl":{"start":{"line":63,"column":4},"end":{"line":63,"column":5}},"loc":{"start":{"line":63,"column":33},"end":{"line":65,"column":5}},"line":63},"14":{"name":"(anonymous_14)","decl":{"start":{"line":66,"column":4},"end":{"line":66,"column":5}},"loc":{"start":{"line":66,"column":28},"end":{"line":70,"column":5}},"line":66},"15":{"name":"(anonymous_15)","decl":{"start":{"line":71,"column":4},"end":{"line":71,"column":5}},"loc":{"start":{"line":71,"column":33},"end":{"line":78,"column":5}},"line":71},"16":{"name":"(anonymous_16)","decl":{"start":{"line":79,"column":4},"end":{"line":79,"column":5}},"loc":{"start":{"line":79,"column":29},"end":{"line":81,"column":5}},"line":79},"17":{"name":"(anonymous_17)","decl":{"start":{"line":82,"column":4},"end":{"line":82,"column":5}},"loc":{"start":{"line":82,"column":20},"end":{"line":84,"column":5}},"line":82},"18":{"name":"(anonymous_18)","decl":{"start":{"line":85,"column":4},"end":{"line":85,"column":5}},"loc":{"start":{"line":85,"column":19},"end":{"line":87,"column":5}},"line":85}},"branchMap":{"0":{"loc":{"start":{"line":13,"column":8},"end":{"line":17,"column":9}},"type":"if","locations":[{"start":{"line":13,"column":8},"end":{"line":17,"column":9}},{"start":{"line":13,"column":8},"end":{"line":17,"column":9}}],"line":13},"1":{"loc":{"start":{"line":23,"column":8},"end":{"line":27,"column":9}},"type":"if","locations":[{"start":{"line":23,"column":8},"end":{"line":27,"column":9}},{"start":{"line":23,"column":8},"end":{"line":27,"column":9}}],"line":23},"2":{"loc":{"start":{"line":32,"column":8},"end":{"line":37,"column":9}},"type":"if","locations":[{"start":{"line":32,"column":8},"end":{"line":37,"column":9}},{"start":{"line":32,"column":8},"end":{"line":37,"column":9}}],"line":32},"3":{"loc":{"start":{"line":32,"column":11},"end":{"line":32,"column":71}},"type":"binary-expr","locations":[{"start":{"line":32,"column":11},"end":{"line":32,"column":21}},{"start":{"line":32,"column":25},"end":{"line":32,"column":71}}],"line":32},"4":{"loc":{"start":{"line":34,"column":12},"end":{"line":36,"column":13}},"type":"if","locations":[{"start":{"line":34,"column":12},"end":{"line":36,"column":13}},{"start":{"line":34,"column":12},"end":{"line":36,"column":13}}],"line":34},"5":{"loc":{"start":{"line":43,"column":8},"end":{"line":47,"column":9}},"type":"if","locations":[{"start":{"line":43,"column":8},"end":{"line":47,"column":9}},{"start":{"line":43,"column":8},"end":{"line":47,"column":9}}],"line":43},"6":{"loc":{"start":{"line":52,"column":8},"end":{"line":57,"column":9}},"type":"if","locations":[{"start":{"line":52,"column":8},"end":{"line":57,"column":9}},{"start":{"line":52,"column":8},"end":{"line":57,"column":9}}],"line":52},"7":{"loc":{"start":{"line":52,"column":11},"end":{"line":52,"column":52}},"type":"binary-expr","locations":[{"start":{"line":52,"column":11},"end":{"line":52,"column":21}},{"start":{"line":52,"column":25},"end":{"line":52,"column":52}}],"line":52},"8":{"loc":{"start":{"line":54,"column":12},"end":{"line":56,"column":13}},"type":"if","locations":[{"start":{"line":54,"column":12},"end":{"line":56,"column":13}},{"start":{"line":54,"column":12},"end":{"line":56,"column":13}}],"line":54},"9":{"loc":{"start":{"line":67,"column":8},"end":{"line":69,"column":9}},"type":"if","locations":[{"start":{"line":67,"column":8},"end":{"line":69,"column":9}},{"start":{"line":67,"column":8},"end":{"line":69,"column":9}}],"line":67},"10":{"loc":{"start":{"line":67,"column":11},"end":{"line":67,"column":40}},"type":"binary-expr","locations":[{"start":{"line":67,"column":11},"end":{"line":67,"column":24}},{"start":{"line":67,"column":28},"end":{"line":67,"column":40}}],"line":67},"11":{"loc":{"start":{"line":73,"column":8},"end":{"line":77,"column":9}},"type":"if","locations":[{"start":{"line":73,"column":8},"end":{"line":77,"column":9}},{"start":{"line":73,"column":8},"end":{"line":77,"column":9}}],"line":73}},"s":{"0":0,"1":0,"2":0,"3":0,"4":0,"5":0,"6":0,"7":0,"8":0,"9":0,"10":0,"11":0,"12":0,"13":0,"14":0,"15":0,"16":0,"17":0,"18":0,"19":0,"20":0,"21":0,"22":0,"23":0,"24":0,"25":0,"26":0,"27":0,"28":0,"29":0,"30":0,"31":0,"32":0,"33":0,"34":0,"35":0},"f":{"0":0,"1":0,"2":0,"3":0,"4":0,"5":0,"6":0,"7":0,"8":0,"9":0,"10":0,"11":0,"12":0,"13":0,"14":0,"15":0,"16":0,"17":0,"18":0},"b":{"0":[0,0],"1":[0,0],"2":[0,0],"3":[0,0],"4":[0,0],"5":[0,0],"6":[0,0],"7":[0,0],"8":[0,0],"9":[0,0],"10":[0,0],"11":[0,0]},"_coverageSchema":"43e27e138ebf9cfc5966b082cf9a028302ed4184","hash":"c5c410346ba354cf612c163f7c31b7573bf53005"}
,"C:\\Users\\musta\\Desktop\\bootcamp\\vue-solitaire\\src\\store\\state.js": {"path":"C:\\Users\\musta\\Desktop\\bootcamp\\vue-solitaire\\src\\store\\state.js","statementMap":{},"fnMap":{},"branchMap":{},"s":{},"f":{},"b":{},"_coverageSchema":"43e27e138ebf9cfc5966b082cf9a028302ed4184","hash":"4e5b5b1c5965b720f844a0d92fbce4823b9a03f5"}
,"C:\\Users\\musta\\Desktop\\bootcamp\\vue-solitaire\\src\\util\\Card.js": {"path":"C:\\Users\\musta\\Desktop\\bootcamp\\vue-solitaire\\src\\util\\Card.js","statementMap":{"0":{"start":{"line":7,"column":25},"end":{"line":13,"column":1}},"1":{"start":{"line":8,"column":4},"end":{"line":12,"column":26}},"2":{"start":{"line":8,"column":25},"end":{"line":8,"column":35}},"3":{"start":{"line":9,"column":9},"end":{"line":12,"column":26}},"4":{"start":{"line":9,"column":30},"end":{"line":9,"column":40}},"5":{"start":{"line":10,"column":9},"end":{"line":12,"column":26}},"6":{"start":{"line":10,"column":30},"end":{"line":10,"column":40}},"7":{"start":{"line":11,"column":9},"end":{"line":12,"column":26}},"8":{"start":{"line":11,"column":29},"end":{"line":11,"column":39}},"9":{"start":{"line":12,"column":9},"end":{"line":12,"column":26}},"10":{"start":{"line":15,"column":29},"end":{"line":22,"column":1}},"11":{"start":{"line":16,"column":4},"end":{"line":21,"column":5}},"12":{"start":{"line":24,"column":26},"end":{"line":40,"column":1}},"13":{"start":{"line":25,"column":15},"end":{"line":25,"column":58}},"14":{"start":{"line":25,"column":52},"end":{"line":25,"column":57}},"15":{"start":{"line":26,"column":4},"end":{"line":32,"column":21}},"16":{"start":{"line":34,"column":4},"end":{"line":34,"column":24}},"17":{"start":{"line":36,"column":4},"end":{"line":39,"column":5}},"18":{"start":{"line":43,"column":25},"end":{"line":54,"column":1}},"19":{"start":{"line":45,"column":23},"end":{"line":45,"column":54}},"20":{"start":{"line":47,"column":22},"end":{"line":47,"column":49}},"21":{"start":{"line":49,"column":4},"end":{"line":53,"column":46}},"22":{"start":{"line":56,"column":26},"end":{"line":62,"column":1}},"23":{"start":{"line":57,"column":4},"end":{"line":60,"column":5}},"24":{"start":{"line":58,"column":31},"end":{"line":58,"column":76}},"25":{"start":{"line":59,"column":8},"end":{"line":59,"column":75}},"26":{"start":{"line":59,"column":64},"end":{"line":59,"column":75}},"27":{"start":{"line":61,"column":4},"end":{"line":61,"column":17}},"28":{"start":{"line":64,"column":27},"end":{"line":73,"column":1}},"29":{"start":{"line":65,"column":26},"end":{"line":65,"column":62}},"30":{"start":{"line":67,"column":4},"end":{"line":72,"column":5}},"31":{"start":{"line":68,"column":31},"end":{"line":68,"column":74}},"32":{"start":{"line":69,"column":8},"end":{"line":69,"column":101}},"33":{"start":{"line":69,"column":90},"end":{"line":69,"column":101}},"34":{"start":{"line":71,"column":8},"end":{"line":71,"column":19}},"35":{"start":{"line":75,"column":29},"end":{"line":111,"column":1}},"36":{"start":{"line":76,"column":24},"end":{"line":76,"column":34}},"37":{"start":{"line":78,"column":18},"end":{"line":78,"column":23}},"38":{"start":{"line":79,"column":4},"end":{"line":107,"column":5}},"39":{"start":{"line":80,"column":8},"end":{"line":80,"column":28}},"40":{"start":{"line":82,"column":9},"end":{"line":107,"column":5}},"41":{"start":{"line":83,"column":30},"end":{"line":83,"column":66}},"42":{"start":{"line":85,"column":28},"end":{"line":85,"column":30}},"43":{"start":{"line":86,"column":23},"end":{"line":86,"column":31}},"44":{"start":{"line":88,"column":8},"end":{"line":106,"column":11}},"45":{"start":{"line":89,"column":12},"end":{"line":105,"column":13}},"46":{"start":{"line":90,"column":16},"end":{"line":90,"column":38}},"47":{"start":{"line":91,"column":18},"end":{"line":105,"column":13}},"48":{"start":{"line":93,"column":16},"end":{"line":104,"column":17}},"49":{"start":{"line":94,"column":20},"end":{"line":94,"column":45}},"50":{"start":{"line":95,"column":20},"end":{"line":95,"column":36}},"51":{"start":{"line":96,"column":20},"end":{"line":99,"column":21}},"52":{"start":{"line":97,"column":24},"end":{"line":97,"column":39}},"53":{"start":{"line":98,"column":24},"end":{"line":98,"column":31}},"54":{"start":{"line":102,"column":20},"end":{"line":102,"column":36}},"55":{"start":{"line":103,"column":20},"end":{"line":103,"column":27}},"56":{"start":{"line":109,"column":4},"end":{"line":110,"column":21}},"57":{"start":{"line":109,"column":16},"end":{"line":109,"column":37}},"58":{"start":{"line":110,"column":9},"end":{"line":110,"column":21}},"59":{"start":{"line":112,"column":31},"end":{"line":129,"column":1}},"60":{"start":{"line":113,"column":18},"end":{"line":113,"column":41}},"61":{"start":{"line":115,"column":4},"end":{"line":126,"column":5}},"62":{"start":{"line":116,"column":36},"end":{"line":116,"column":78}},"63":{"start":{"line":118,"column":27},"end":{"line":118,"column":111}},"64":{"start":{"line":118,"column":54},"end":{"line":118,"column":110}},"65":{"start":{"line":120,"column":8},"end":{"line":124,"column":9}},"66":{"start":{"line":120,"column":19},"end":{"line":120,"column":20}},"67":{"start":{"line":121,"column":25},"end":{"line":121,"column":38}},"68":{"start":{"line":122,"column":28},"end":{"line":122,"column":54}},"69":{"start":{"line":123,"column":12},"end":{"line":123,"column":62}},"70":{"start":{"line":123,"column":48},"end":{"line":123,"column":62}},"71":{"start":{"line":128,"column":4},"end":{"line":128,"column":17}}},"fnMap":{"0":{"name":"(anonymous_0)","decl":{"start":{"line":7,"column":25},"end":{"line":7,"column":26}},"loc":{"start":{"line":7,"column":41},"end":{"line":13,"column":1}},"line":7},"1":{"name":"(anonymous_1)","decl":{"start":{"line":15,"column":29},"end":{"line":15,"column":30}},"loc":{"start":{"line":15,"column":47},"end":{"line":22,"column":1}},"line":15},"2":{"name":"(anonymous_2)","decl":{"start":{"line":24,"column":26},"end":{"line":24,"column":27}},"loc":{"start":{"line":24,"column":32},"end":{"line":40,"column":1}},"line":24},"3":{"name":"(anonymous_3)","decl":{"start":{"line":25,"column":42},"end":{"line":25,"column":43}},"loc":{"start":{"line":25,"column":52},"end":{"line":25,"column":57}},"line":25},"4":{"name":"(anonymous_4)","decl":{"start":{"line":43,"column":25},"end":{"line":43,"column":26}},"loc":{"start":{"line":43,"column":52},"end":{"line":54,"column":1}},"line":43},"5":{"name":"(anonymous_5)","decl":{"start":{"line":56,"column":26},"end":{"line":56,"column":27}},"loc":{"start":{"line":56,"column":52},"end":{"line":62,"column":1}},"line":56},"6":{"name":"(anonymous_6)","decl":{"start":{"line":64,"column":27},"end":{"line":64,"column":28}},"loc":{"start":{"line":64,"column":52},"end":{"line":73,"column":1}},"line":64},"7":{"name":"(anonymous_7)","decl":{"start":{"line":75,"column":29},"end":{"line":75,"column":30}},"loc":{"start":{"line":75,"column":55},"end":{"line":111,"column":1}},"line":75},"8":{"name":"(anonymous_8)","decl":{"start":{"line":88,"column":33},"end":{"line":88,"column":34}},"loc":{"start":{"line":88,"column":50},"end":{"line":106,"column":9}},"line":88},"9":{"name":"(anonymous_9)","decl":{"start":{"line":112,"column":31},"end":{"line":112,"column":32}},"loc":{"start":{"line":112,"column":44},"end":{"line":129,"column":1}},"line":112},"10":{"name":"(anonymous_10)","decl":{"start":{"line":118,"column":46},"end":{"line":118,"column":47}},"loc":{"start":{"line":118,"column":54},"end":{"line":118,"column":110}},"line":118}},"branchMap":{"0":{"loc":{"start":{"line":8,"column":4},"end":{"line":12,"column":26}},"type":"if","locations":[{"start":{"line":8,"column":4},"end":{"line":12,"column":26}},{"start":{"line":8,"column":4},"end":{"line":12,"column":26}}],"line":8},"1":{"loc":{"start":{"line":9,"column":9},"end":{"line":12,"column":26}},"type":"if","locations":[{"start":{"line":9,"column":9},"end":{"line":12,"column":26}},{"start":{"line":9,"column":9},"end":{"line":12,"column":26}}],"line":9},"2":{"loc":{"start":{"line":10,"column":9},"end":{"line":12,"column":26}},"type":"if","locations":[{"start":{"line":10,"column":9},"end":{"line":12,"column":26}},{"start":{"line":10,"column":9},"end":{"line":12,"column":26}}],"line":10},"3":{"loc":{"start":{"line":11,"column":9},"end":{"line":12,"column":26}},"type":"if","locations":[{"start":{"line":11,"column":9},"end":{"line":12,"column":26}},{"start":{"line":11,"column":9},"end":{"line":12,"column":26}}],"line":11},"4":{"loc":{"start":{"line":49,"column":11},"end":{"line":53,"column":46}},"type":"binary-expr","locations":[{"start":{"line":50,"column":11},"end":{"line":50,"column":43}},{"start":{"line":51,"column":14},"end":{"line":51,"column":49}},{"start":{"line":53,"column":14},"end":{"line":53,"column":46}}],"line":49},"5":{"loc":{"start":{"line":57,"column":4},"end":{"line":60,"column":5}},"type":"if","locations":[{"start":{"line":57,"column":4},"end":{"line":60,"column":5}},{"start":{"line":57,"column":4},"end":{"line":60,"column":5}}],"line":57},"6":{"loc":{"start":{"line":59,"column":8},"end":{"line":59,"column":75}},"type":"if","locations":[{"start":{"line":59,"column":8},"end":{"line":59,"column":75}},{"start":{"line":59,"column":8},"end":{"line":59,"column":75}}],"line":59},"7":{"loc":{"start":{"line":59,"column":11},"end":{"line":59,"column":62}},"type":"binary-expr","locations":[{"start":{"line":59,"column":11},"end":{"line":59,"column":25}},{"start":{"line":59,"column":29},"end":{"line":59,"column":62}}],"line":59},"8":{"loc":{"start":{"line":67,"column":4},"end":{"line":72,"column":5}},"type":"if","locations":[{"start":{"line":67,"column":4},"end":{"line":72,"column":5}},{"start":{"line":67,"column":4},"end":{"line":72,"column":5}}],"line":67},"9":{"loc":{"start":{"line":69,"column":8},"end":{"line":69,"column":101}},"type":"if","locations":[{"start":{"line":69,"column":8},"end":{"line":69,"column":101}},{"start":{"line":69,"column":8},"end":{"line":69,"column":101}}],"line":69},"10":{"loc":{"start":{"line":69,"column":11},"end":{"line":69,"column":88}},"type":"binary-expr","locations":[{"start":{"line":69,"column":11},"end":{"line":69,"column":25}},{"start":{"line":69,"column":29},"end":{"line":69,"column":88}}],"line":69},"11":{"loc":{"start":{"line":79,"column":4},"end":{"line":107,"column":5}},"type":"if","locations":[{"start":{"line":79,"column":4},"end":{"line":107,"column":5}},{"start":{"line":79,"column":4},"end":{"line":107,"column":5}}],"line":79},"12":{"loc":{"start":{"line":82,"column":9},"end":{"line":107,"column":5}},"type":"if","locations":[{"start":{"line":82,"column":9},"end":{"line":107,"column":5}},{"start":{"line":82,"column":9},"end":{"line":107,"column":5}}],"line":82},"13":{"loc":{"start":{"line":89,"column":12},"end":{"line":105,"column":13}},"type":"if","locations":[{"start":{"line":89,"column":12},"end":{"line":105,"column":13}},{"start":{"line":89,"column":12},"end":{"line":105,"column":13}}],"line":89},"14":{"loc":{"start":{"line":91,"column":18},"end":{"line":105,"column":13}},"type":"if","locations":[{"start":{"line":91,"column":18},"end":{"line":105,"column":13}},{"start":{"line":91,"column":18},"end":{"line":105,"column":13}}],"line":91},"15":{"loc":{"start":{"line":93,"column":16},"end":{"line":104,"column":17}},"type":"if","locations":[{"start":{"line":93,"column":16},"end":{"line":104,"column":17}},{"start":{"line":93,"column":16},"end":{"line":104,"column":17}}],"line":93},"16":{"loc":{"start":{"line":96,"column":20},"end":{"line":99,"column":21}},"type":"if","locations":[{"start":{"line":96,"column":20},"end":{"line":99,"column":21}},{"start":{"line":96,"column":20},"end":{"line":99,"column":21}}],"line":96},"17":{"loc":{"start":{"line":109,"column":4},"end":{"line":110,"column":21}},"type":"if","locations":[{"start":{"line":109,"column":4},"end":{"line":110,"column":21}},{"start":{"line":109,"column":4},"end":{"line":110,"column":21}}],"line":109},"18":{"loc":{"start":{"line":115,"column":4},"end":{"line":126,"column":5}},"type":"if","locations":[{"start":{"line":115,"column":4},"end":{"line":126,"column":5}},{"start":{"line":115,"column":4},"end":{"line":126,"column":5}}],"line":115},"19":{"loc":{"start":{"line":118,"column":54},"end":{"line":118,"column":110}},"type":"binary-expr","locations":[{"start":{"line":118,"column":54},"end":{"line":118,"column":89}},{"start":{"line":118,"column":93},"end":{"line":118,"column":110}}],"line":118},"20":{"loc":{"start":{"line":123,"column":12},"end":{"line":123,"column":62}},"type":"if","locations":[{"start":{"line":123,"column":12},"end":{"line":123,"column":62}},{"start":{"line":123,"column":12},"end":{"line":123,"column":62}}],"line":123},"21":{"loc":{"start":{"line":123,"column":15},"end":{"line":123,"column":46}},"type":"binary-expr","locations":[{"start":{"line":123,"column":15},"end":{"line":123,"column":22}},{"start":{"line":123,"column":26},"end":{"line":123,"column":46}}],"line":123}},"s":{"0":2,"1":2,"2":1,"3":1,"4":0,"5":1,"6":0,"7":1,"8":1,"9":0,"10":2,"11":1,"12":2,"13":1,"14":13,"15":1,"16":1,"17":1,"18":2,"19":0,"20":0,"21":0,"22":2,"23":0,"24":0,"25":0,"26":0,"27":0,"28":2,"29":0,"30":0,"31":0,"32":0,"33":0,"34":0,"35":2,"36":0,"37":0,"38":0,"39":0,"40":0,"41":0,"42":0,"43":0,"44":0,"45":0,"46":0,"47":0,"48":0,"49":0,"50":0,"51":0,"52":0,"53":0,"54":0,"55":0,"56":0,"57":0,"58":0,"59":2,"60":0,"61":0,"62":0,"63":0,"64":0,"65":0,"66":0,"67":0,"68":0,"69":0,"70":0,"71":0},"f":{"0":2,"1":1,"2":1,"3":13,"4":0,"5":0,"6":0,"7":0,"8":0,"9":0,"10":0},"b":{"0":[1,1],"1":[0,1],"2":[0,1],"3":[1,0],"4":[0,0,0],"5":[0,0],"6":[0,0],"7":[0,0],"8":[0,0],"9":[0,0],"10":[0,0],"11":[0,0],"12":[0,0],"13":[0,0],"14":[0,0],"15":[0,0],"16":[0,0],"17":[0,0],"18":[0,0],"19":[0,0],"20":[0,0],"21":[0,0]},"_coverageSchema":"43e27e138ebf9cfc5966b082cf9a028302ed4184","hash":"7b913accfafda657eb3139944f7318213674ada8"}
,"C:\\Users\\musta\\Desktop\\bootcamp\\vue-solitaire\\src\\util\\functions.js": {"path":"C:\\Users\\musta\\Desktop\\bootcamp\\vue-solitaire\\src\\util\\functions.js","statementMap":{"0":{"start":{"line":3,"column":24},"end":{"line":5,"column":1}},"1":{"start":{"line":4,"column":4},"end":{"line":4,"column":54}},"2":{"start":{"line":6,"column":30},"end":{"line":8,"column":1}},"3":{"start":{"line":7,"column":4},"end":{"line":7,"column":51}},"4":{"start":{"line":7,"column":29},"end":{"line":7,"column":49}},"5":{"start":{"line":9,"column":34},"end":{"line":11,"column":1}},"6":{"start":{"line":10,"column":4},"end":{"line":10,"column":75}},"7":{"start":{"line":10,"column":29},"end":{"line":10,"column":73}},"8":{"start":{"line":10,"column":54},"end":{"line":10,"column":72}},"9":{"start":{"line":12,"column":28},"end":{"line":24,"column":1}},"10":{"start":{"line":13,"column":22},"end":{"line":22,"column":5}},"11":{"start":{"line":23,"column":4},"end":{"line":23,"column":30}}},"fnMap":{"0":{"name":"(anonymous_0)","decl":{"start":{"line":3,"column":24},"end":{"line":3,"column":25}},"loc":{"start":{"line":3,"column":42},"end":{"line":5,"column":1}},"line":3},"1":{"name":"(anonymous_1)","decl":{"start":{"line":6,"column":30},"end":{"line":6,"column":31}},"loc":{"start":{"line":6,"column":43},"end":{"line":8,"column":1}},"line":6},"2":{"name":"(anonymous_2)","decl":{"start":{"line":7,"column":20},"end":{"line":7,"column":21}},"loc":{"start":{"line":7,"column":29},"end":{"line":7,"column":49}},"line":7},"3":{"name":"(anonymous_3)","decl":{"start":{"line":9,"column":34},"end":{"line":9,"column":35}},"loc":{"start":{"line":9,"column":46},"end":{"line":11,"column":1}},"line":9},"4":{"name":"(anonymous_4)","decl":{"start":{"line":10,"column":20},"end":{"line":10,"column":21}},"loc":{"start":{"line":10,"column":29},"end":{"line":10,"column":73}},"line":10},"5":{"name":"(anonymous_5)","decl":{"start":{"line":10,"column":46},"end":{"line":10,"column":47}},"loc":{"start":{"line":10,"column":54},"end":{"line":10,"column":72}},"line":10},"6":{"name":"(anonymous_6)","decl":{"start":{"line":12,"column":28},"end":{"line":12,"column":29}},"loc":{"start":{"line":12,"column":42},"end":{"line":24,"column":1}},"line":12}},"branchMap":{},"s":{"0":2,"1":0,"2":2,"3":0,"4":0,"5":2,"6":0,"7":0,"8":0,"9":2,"10":3,"11":3},"f":{"0":0,"1":0,"2":0,"3":0,"4":0,"5":0,"6":3},"b":{},"_coverageSchema":"43e27e138ebf9cfc5966b082cf9a028302ed4184","hash":"c224daa3cc735d928ffe565f21f09e5295182e6e"}
,"C:\\Users\\musta\\Desktop\\bootcamp\\vue-solitaire\\src\\views\\Solitaire.vue": {"path":"C:\\Users\\musta\\Desktop\\bootcamp\\vue-solitaire\\src\\views\\Solitaire.vue","statementMap":{"0":{"start":{"line":44,"column":0},"end":{"line":44,"column":null}},"1":{"start":{"line":45,"column":0},"end":{"line":45,"column":null}},"2":{"start":{"line":46,"column":0},"end":{"line":46,"column":null}},"3":{"start":{"line":47,"column":0},"end":{"line":47,"column":null}},"4":{"start":{"line":48,"column":0},"end":{"line":48,"column":null}},"5":{"start":{"line":49,"column":0},"end":{"line":49,"column":null}},"6":{"start":{"line":61,"column":0},"end":{"line":61,"column":null}},"7":{"start":{"line":69,"column":0},"end":{"line":69,"column":null}},"8":{"start":{"line":72,"column":0},"end":{"line":72,"column":null}},"9":{"start":{"line":77,"column":0},"end":{"line":77,"column":null}},"10":{"start":{"line":80,"column":0},"end":{"line":80,"column":null}},"11":{"start":{"line":83,"column":0},"end":{"line":83,"column":null}},"12":{"start":{"line":86,"column":0},"end":{"line":94,"column":null}},"13":{"start":{"line":88,"column":0},"end":{"line":88,"column":null}},"14":{"start":{"line":90,"column":0},"end":{"line":90,"column":null}},"15":{"start":{"line":92,"column":0},"end":{"line":92,"column":null}},"16":{"start":{"line":93,"column":0},"end":{"line":93,"column":null}},"17":{"start":{"line":97,"column":0},"end":{"line":97,"column":null}},"18":{"start":{"line":103,"column":0},"end":{"line":134,"column":null}},"19":{"start":{"line":105,"column":0},"end":{"line":133,"column":null}},"20":{"start":{"line":107,"column":0},"end":{"line":107,"column":null}},"21":{"start":{"line":109,"column":0},"end":{"line":109,"column":null}},"22":{"start":{"line":111,"column":0},"end":{"line":111,"column":null}},"23":{"start":{"line":113,"column":0},"end":{"line":113,"column":null}},"24":{"start":{"line":115,"column":0},"end":{"line":130,"column":null}},"25":{"start":{"line":116,"column":0},"end":{"line":121,"column":null}},"26":{"start":{"line":123,"column":0},"end":{"line":129,"column":null}},"27":{"start":{"line":131,"column":0},"end":{"line":131,"column":null}},"28":{"start":{"line":137,"column":0},"end":{"line":144,"column":null}},"29":{"start":{"line":139,"column":0},"end":{"line":142,"column":null}},"30":{"start":{"line":140,"column":0},"end":{"line":140,"column":null}},"31":{"start":{"line":141,"column":0},"end":{"line":141,"column":null}}},"fnMap":{"0":{"name":"(anonymous_1)","decl":{"start":{"line":60,"column":0},"end":{"line":60,"column":null}},"loc":{"start":{"line":60,"column":0},"end":{"line":66,"column":null}}},"1":{"name":"(anonymous_2)","decl":{"start":{"line":68,"column":0},"end":{"line":68,"column":null}},"loc":{"start":{"line":68,"column":0},"end":{"line":70,"column":null}}},"2":{"name":"(anonymous_3)","decl":{"start":{"line":71,"column":0},"end":{"line":71,"column":null}},"loc":{"start":{"line":71,"column":0},"end":{"line":73,"column":null}}},"3":{"name":"(anonymous_4)","decl":{"start":{"line":76,"column":0},"end":{"line":76,"column":null}},"loc":{"start":{"line":76,"column":0},"end":{"line":78,"column":null}}},"4":{"name":"(anonymous_5)","decl":{"start":{"line":79,"column":0},"end":{"line":79,"column":null}},"loc":{"start":{"line":79,"column":0},"end":{"line":81,"column":null}}},"5":{"name":"(anonymous_6)","decl":{"start":{"line":82,"column":0},"end":{"line":82,"column":null}},"loc":{"start":{"line":82,"column":0},"end":{"line":84,"column":null}}},"6":{"name":"(anonymous_7)","decl":{"start":{"line":85,"column":0},"end":{"line":85,"column":null}},"loc":{"start":{"line":85,"column":0},"end":{"line":95,"column":null}}},"7":{"name":"(anonymous_8)","decl":{"start":{"line":96,"column":0},"end":{"line":96,"column":null}},"loc":{"start":{"line":96,"column":0},"end":{"line":101,"column":null}}},"8":{"name":"(anonymous_9)","decl":{"start":{"line":102,"column":0},"end":{"line":102,"column":null}},"loc":{"start":{"line":102,"column":0},"end":{"line":135,"column":null}}},"9":{"name":"(anonymous_10)","decl":{"start":{"line":105,"column":0},"end":{"line":105,"column":null}},"loc":{"start":{"line":105,"column":0},"end":{"line":133,"column":null}}},"10":{"name":"(anonymous_11)","decl":{"start":{"line":136,"column":0},"end":{"line":136,"column":null}},"loc":{"start":{"line":136,"column":0},"end":{"line":145,"column":null}}},"11":{"name":"(anonymous_12)","decl":{"start":{"line":139,"column":0},"end":{"line":139,"column":null}},"loc":{"start":{"line":139,"column":0},"end":{"line":142,"column":null}}}},"branchMap":{"0":{"loc":{"start":{"line":77,"column":0},"end":{"line":77,"column":null}},"type":"if","locations":[{"start":{"line":77,"column":0},"end":{"line":77,"column":null}},{"start":{"line":77,"column":0},"end":{"line":77,"column":null}}]},"1":{"loc":{"start":{"line":86,"column":0},"end":{"line":94,"column":null}},"type":"if","locations":[{"start":{"line":86,"column":0},"end":{"line":94,"column":null}},{"start":{"line":86,"column":0},"end":{"line":94,"column":null}}]},"2":{"loc":{"start":{"line":86,"column":0},"end":{"line":86,"column":null}},"type":"binary-expr","locations":[{"start":{"line":86,"column":0},"end":{"line":86,"column":null}},{"start":{"line":86,"column":0},"end":{"line":86,"column":null}}]},"3":{"loc":{"start":{"line":103,"column":0},"end":{"line":134,"column":null}},"type":"if","locations":[{"start":{"line":103,"column":0},"end":{"line":134,"column":null}},{"start":{"line":103,"column":0},"end":{"line":134,"column":null}}]},"4":{"loc":{"start":{"line":103,"column":0},"end":{"line":103,"column":null}},"type":"binary-expr","locations":[{"start":{"line":103,"column":0},"end":{"line":103,"column":null}},{"start":{"line":103,"column":0},"end":{"line":103,"column":null}}]},"5":{"loc":{"start":{"line":115,"column":0},"end":{"line":130,"column":null}},"type":"if","locations":[{"start":{"line":115,"column":0},"end":{"line":130,"column":null}},{"start":{"line":115,"column":0},"end":{"line":130,"column":null}}]},"6":{"loc":{"start":{"line":137,"column":0},"end":{"line":144,"column":null}},"type":"if","locations":[{"start":{"line":137,"column":0},"end":{"line":144,"column":null}},{"start":{"line":137,"column":0},"end":{"line":144,"column":null}}]},"7":{"loc":{"start":{"line":137,"column":0},"end":{"line":137,"column":null}},"type":"binary-expr","locations":[{"start":{"line":137,"column":0},"end":{"line":137,"column":null}},{"start":{"line":137,"column":0},"end":{"line":137,"column":null}}]},"8":{"loc":{"start":{"line":141,"column":0},"end":{"line":141,"column":null}},"type":"if","locations":[{"start":{"line":141,"column":0},"end":{"line":141,"column":null}},{"start":{"line":141,"column":0},"end":{"line":141,"column":null}}]}},"s":{"0":0,"1":0,"2":0,"3":0,"4":0,"5":0,"6":0,"7":0,"8":0,"9":0,"10":0,"11":0,"12":0,"13":0,"14":0,"15":0,"16":0,"17":0,"18":0,"19":0,"20":0,"21":0,"22":0,"23":0,"24":0,"25":0,"26":0,"27":0,"28":0,"29":0,"30":0,"31":0},"f":{"0":0,"1":0,"2":0,"3":0,"4":0,"5":0,"6":0,"7":0,"8":0,"9":0,"10":0,"11":0},"b":{"0":[0,0],"1":[0,0],"2":[0,0],"3":[0,0],"4":[0,0],"5":[0,0],"6":[0,0],"7":[0,0],"8":[0,0]}}
,"C:\\Users\\musta\\Desktop\\bootcamp\\vue-solitaire\\src\\views\\StartGame.vue": {"path":"C:\\Users\\musta\\Desktop\\bootcamp\\vue-solitaire\\src\\views\\StartGame.vue","statementMap":{"0":{"start":{"line":41,"column":0},"end":{"line":41,"column":null}},"1":{"start":{"line":42,"column":0},"end":{"line":42,"column":null}},"2":{"start":{"line":43,"column":0},"end":{"line":43,"column":null}},"3":{"start":{"line":53,"column":0},"end":{"line":53,"column":null}},"4":{"start":{"line":54,"column":0},"end":{"line":54,"column":null}},"5":{"start":{"line":57,"column":0},"end":{"line":57,"column":null}},"6":{"start":{"line":58,"column":0},"end":{"line":58,"column":null}}},"fnMap":{"0":{"name":"(anonymous_1)","decl":{"start":{"line":52,"column":0},"end":{"line":52,"column":null}},"loc":{"start":{"line":52,"column":0},"end":{"line":55,"column":null}}},"1":{"name":"(anonymous_2)","decl":{"start":{"line":56,"column":0},"end":{"line":56,"column":null}},"loc":{"start":{"line":56,"column":0},"end":{"line":59,"column":null}}}},"branchMap":{},"s":{"0":0,"1":0,"2":0,"3":0,"4":0,"5":0,"6":0},"f":{"0":0,"1":0},"b":{}}
}
