{"C:\\Users\\musta\\Desktop\\bootcamp\\vue-solitaire\\src\\main.js": {"path":"C:\\Users\\musta\\Desktop\\bootcamp\\vue-solitaire\\src\\main.js","statementMap":{"0":{"start":{"line":11,"column":0},"end":{"line":11,"column":32}},"1":{"start":{"line":13,"column":0},"end":{"line":13,"column":38}},"2":{"start":{"line":15,"column":0},"end":{"line":19,"column":17}},"3":{"start":{"line":18,"column":15},"end":{"line":18,"column":21}}},"fnMap":{"0":{"name":"(anonymous_0)","decl":{"start":{"line":18,"column":10},"end":{"line":18,"column":11}},"loc":{"start":{"line":18,"column":15},"end":{"line":18,"column":21}},"line":18}},"branchMap":{},"s":{"0":0,"1":0,"2":0,"3":0},"f":{"0":0},"b":{},"hash":"0e6c21b866b04eb48db8a78fda22ff1054408793"}
,"C:\\Users\\musta\\Desktop\\bootcamp\\vue-solitaire\\src\\components\\Dialog\\BackDialog.vue": {"path":"C:\\Users\\musta\\Desktop\\bootcamp\\vue-solitaire\\src\\components\\Dialog\\BackDialog.vue","statementMap":{"0":{"start":{"line":16,"column":0},"end":{"line":16,"column":null}},"1":{"start":{"line":17,"column":0},"end":{"line":17,"column":null}},"2":{"start":{"line":18,"column":0},"end":{"line":18,"column":null}},"3":{"start":{"line":19,"column":0},"end":{"line":19,"column":null}},"4":{"start":{"line":34,"column":0},"end":{"line":34,"column":null}},"5":{"start":{"line":41,"column":0},"end":{"line":41,"column":null}},"6":{"start":{"line":44,"column":0},"end":{"line":44,"column":null}}},"fnMap":{"0":{"name":"(anonymous_1)","decl":{"start":{"line":33,"column":0},"end":{"line":33,"column":null}},"loc":{"start":{"line":33,"column":0},"end":{"line":38,"column":null}}},"1":{"name":"(anonymous_2)","decl":{"start":{"line":40,"column":0},"end":{"line":40,"column":null}},"loc":{"start":{"line":40,"column":0},"end":{"line":42,"column":null}}},"2":{"name":"(anonymous_3)","decl":{"start":{"line":43,"column":0},"end":{"line":43,"column":null}},"loc":{"start":{"line":43,"column":0},"end":{"line":45,"column":null}}}},"branchMap":{},"s":{"0":2,"1":2,"2":2,"3":2,"4":4,"5":1,"6":1},"f":{"0":4,"1":1,"2":1},"b":{}}
,"C:\\Users\\musta\\Desktop\\bootcamp\\vue-solitaire\\src\\components\\Dialog\\RestartDialog.vue": {"path":"C:\\Users\\musta\\Desktop\\bootcamp\\vue-solitaire\\src\\components\\Dialog\\RestartDialog.vue","statementMap":{"0":{"start":{"line":16,"column":0},"end":{"line":16,"column":null}},"1":{"start":{"line":17,"column":0},"end":{"line":17,"column":null}},"2":{"start":{"line":18,"column":0},"end":{"line":18,"column":null}},"3":{"start":{"line":19,"column":0},"end":{"line":19,"column":null}},"4":{"start":{"line":34,"column":0},"end":{"line":34,"column":null}},"5":{"start":{"line":41,"column":0},"end":{"line":41,"column":null}},"6":{"start":{"line":44,"column":0},"end":{"line":44,"column":null}}},"fnMap":{"0":{"name":"(anonymous_1)","decl":{"start":{"line":33,"column":0},"end":{"line":33,"column":null}},"loc":{"start":{"line":33,"column":0},"end":{"line":38,"column":null}}},"1":{"name":"(anonymous_2)","decl":{"start":{"line":40,"column":0},"end":{"line":40,"column":null}},"loc":{"start":{"line":40,"column":0},"end":{"line":42,"column":null}}},"2":{"name":"(anonymous_3)","decl":{"start":{"line":43,"column":0},"end":{"line":43,"column":null}},"loc":{"start":{"line":43,"column":0},"end":{"line":45,"column":null}}}},"branchMap":{},"s":{"0":2,"1":2,"2":2,"3":2,"4":4,"5":1,"6":1},"f":{"0":4,"1":1,"2":1},"b":{}}
,"C:\\Users\\musta\\Desktop\\bootcamp\\vue-solitaire\\src\\components\\Main\\Board.vue": {"path":"C:\\Users\\musta\\Desktop\\bootcamp\\vue-solitaire\\src\\components\\Main\\Board.vue","statementMap":{"0":{"start":{"line":23,"column":0},"end":{"line":23,"column":null}},"1":{"start":{"line":24,"column":0},"end":{"line":30,"column":null}},"2":{"start":{"line":25,"column":0},"end":{"line":25,"column":null}},"3":{"start":{"line":29,"column":0},"end":{"line":29,"column":null}}},"fnMap":{"0":{"name":"(anonymous_1)","decl":{"start":{"line":22,"column":0},"end":{"line":22,"column":null}},"loc":{"start":{"line":22,"column":0},"end":{"line":31,"column":null}}}},"branchMap":{"0":{"loc":{"start":{"line":24,"column":0},"end":{"line":30,"column":null}},"type":"if","locations":[{"start":{"line":24,"column":0},"end":{"line":30,"column":null}},{"start":{"line":24,"column":0},"end":{"line":30,"column":null}}]}},"s":{"0":1,"1":1,"2":1,"3":1},"f":{"0":1},"b":{"0":[1,0]}}
,"C:\\Users\\musta\\Desktop\\bootcamp\\vue-solitaire\\src\\components\\Shared\\TableBody.vue": {"path":"C:\\Users\\musta\\Desktop\\bootcamp\\vue-solitaire\\src\\components\\Shared\\TableBody.vue","statementMap":{"0":{"start":{"line":39,"column":0},"end":{"line":39,"column":null}},"1":{"start":{"line":40,"column":0},"end":{"line":40,"column":null}},"2":{"start":{"line":41,"column":0},"end":{"line":41,"column":null}},"3":{"start":{"line":43,"column":0},"end":{"line":43,"column":null}},"4":{"start":{"line":53,"column":0},"end":{"line":53,"column":null}},"5":{"start":{"line":61,"column":0},"end":{"line":61,"column":null}},"6":{"start":{"line":66,"column":0},"end":{"line":66,"column":null}},"7":{"start":{"line":69,"column":0},"end":{"line":69,"column":null}},"8":{"start":{"line":72,"column":0},"end":{"line":80,"column":null}},"9":{"start":{"line":74,"column":0},"end":{"line":74,"column":null}},"10":{"start":{"line":76,"column":0},"end":{"line":76,"column":null}},"11":{"start":{"line":78,"column":0},"end":{"line":78,"column":null}},"12":{"start":{"line":79,"column":0},"end":{"line":79,"column":null}},"13":{"start":{"line":83,"column":0},"end":{"line":83,"column":null}},"14":{"start":{"line":89,"column":0},"end":{"line":121,"column":null}},"15":{"start":{"line":91,"column":0},"end":{"line":120,"column":null}},"16":{"start":{"line":93,"column":0},"end":{"line":93,"column":null}},"17":{"start":{"line":95,"column":0},"end":{"line":95,"column":null}},"18":{"start":{"line":97,"column":0},"end":{"line":97,"column":null}},"19":{"start":{"line":99,"column":0},"end":{"line":99,"column":null}},"20":{"start":{"line":101,"column":0},"end":{"line":117,"column":null}},"21":{"start":{"line":102,"column":0},"end":{"line":107,"column":null}},"22":{"start":{"line":109,"column":0},"end":{"line":116,"column":null}},"23":{"start":{"line":118,"column":0},"end":{"line":118,"column":null}},"24":{"start":{"line":124,"column":0},"end":{"line":133,"column":null}},"25":{"start":{"line":126,"column":0},"end":{"line":131,"column":null}},"26":{"start":{"line":127,"column":0},"end":{"line":127,"column":null}},"27":{"start":{"line":128,"column":0},"end":{"line":130,"column":null}},"28":{"start":{"line":129,"column":0},"end":{"line":129,"column":null}},"29":{"start":{"line":136,"column":0},"end":{"line":136,"column":null}},"30":{"start":{"line":138,"column":0},"end":{"line":159,"column":null}},"31":{"start":{"line":140,"column":0},"end":{"line":157,"column":null}},"32":{"start":{"line":141,"column":0},"end":{"line":141,"column":null}},"33":{"start":{"line":144,"column":0},"end":{"line":155,"column":null}},"34":{"start":{"line":146,"column":0},"end":{"line":149,"column":null}},"35":{"start":{"line":151,"column":0},"end":{"line":153,"column":null}},"36":{"start":{"line":152,"column":0},"end":{"line":152,"column":null}}},"fnMap":{"0":{"name":"(anonymous_1)","decl":{"start":{"line":52,"column":0},"end":{"line":52,"column":null}},"loc":{"start":{"line":52,"column":0},"end":{"line":58,"column":null}}},"1":{"name":"(anonymous_2)","decl":{"start":{"line":60,"column":0},"end":{"line":60,"column":null}},"loc":{"start":{"line":60,"column":0},"end":{"line":62,"column":null}}},"2":{"name":"(anonymous_3)","decl":{"start":{"line":65,"column":0},"end":{"line":65,"column":null}},"loc":{"start":{"line":65,"column":0},"end":{"line":67,"column":null}}},"3":{"name":"(anonymous_4)","decl":{"start":{"line":68,"column":0},"end":{"line":68,"column":null}},"loc":{"start":{"line":68,"column":0},"end":{"line":70,"column":null}}},"4":{"name":"(anonymous_5)","decl":{"start":{"line":71,"column":0},"end":{"line":71,"column":null}},"loc":{"start":{"line":71,"column":0},"end":{"line":81,"column":null}}},"5":{"name":"(anonymous_6)","decl":{"start":{"line":82,"column":0},"end":{"line":82,"column":null}},"loc":{"start":{"line":82,"column":0},"end":{"line":87,"column":null}}},"6":{"name":"(anonymous_7)","decl":{"start":{"line":88,"column":0},"end":{"line":88,"column":null}},"loc":{"start":{"line":88,"column":0},"end":{"line":122,"column":null}}},"7":{"name":"(anonymous_8)","decl":{"start":{"line":91,"column":0},"end":{"line":91,"column":null}},"loc":{"start":{"line":91,"column":0},"end":{"line":120,"column":null}}},"8":{"name":"(anonymous_9)","decl":{"start":{"line":123,"column":0},"end":{"line":123,"column":null}},"loc":{"start":{"line":123,"column":0},"end":{"line":134,"column":null}}},"9":{"name":"(anonymous_10)","decl":{"start":{"line":126,"column":0},"end":{"line":126,"column":null}},"loc":{"start":{"line":126,"column":0},"end":{"line":131,"column":null}}},"10":{"name":"(anonymous_11)","decl":{"start":{"line":135,"column":0},"end":{"line":135,"column":null}},"loc":{"start":{"line":135,"column":0},"end":{"line":160,"column":null}}},"11":{"name":"(anonymous_12)","decl":{"start":{"line":140,"column":0},"end":{"line":140,"column":null}},"loc":{"start":{"line":140,"column":0},"end":{"line":157,"column":null}}},"12":{"name":"(anonymous_13)","decl":{"start":{"line":151,"column":0},"end":{"line":151,"column":null}},"loc":{"start":{"line":151,"column":0},"end":{"line":153,"column":null}}}},"branchMap":{"0":{"loc":{"start":{"line":72,"column":0},"end":{"line":80,"column":null}},"type":"if","locations":[{"start":{"line":72,"column":0},"end":{"line":80,"column":null}},{"start":{"line":72,"column":0},"end":{"line":80,"column":null}}]},"1":{"loc":{"start":{"line":72,"column":0},"end":{"line":72,"column":null}},"type":"binary-expr","locations":[{"start":{"line":72,"column":0},"end":{"line":72,"column":null}},{"start":{"line":72,"column":0},"end":{"line":72,"column":null}}]},"2":{"loc":{"start":{"line":89,"column":0},"end":{"line":121,"column":null}},"type":"if","locations":[{"start":{"line":89,"column":0},"end":{"line":121,"column":null}},{"start":{"line":89,"column":0},"end":{"line":121,"column":null}}]},"3":{"loc":{"start":{"line":89,"column":0},"end":{"line":89,"column":null}},"type":"binary-expr","locations":[{"start":{"line":89,"column":0},"end":{"line":89,"column":null}},{"start":{"line":89,"column":0},"end":{"line":89,"column":null}}]},"4":{"loc":{"start":{"line":101,"column":0},"end":{"line":117,"column":null}},"type":"if","locations":[{"start":{"line":101,"column":0},"end":{"line":117,"column":null}},{"start":{"line":101,"column":0},"end":{"line":117,"column":null}}]},"5":{"loc":{"start":{"line":124,"column":0},"end":{"line":133,"column":null}},"type":"if","locations":[{"start":{"line":124,"column":0},"end":{"line":133,"column":null}},{"start":{"line":124,"column":0},"end":{"line":133,"column":null}}]},"6":{"loc":{"start":{"line":124,"column":0},"end":{"line":124,"column":null}},"type":"binary-expr","locations":[{"start":{"line":124,"column":0},"end":{"line":124,"column":null}},{"start":{"line":124,"column":0},"end":{"line":124,"column":null}}]},"7":{"loc":{"start":{"line":128,"column":0},"end":{"line":130,"column":null}},"type":"if","locations":[{"start":{"line":128,"column":0},"end":{"line":130,"column":null}},{"start":{"line":128,"column":0},"end":{"line":130,"column":null}}]},"8":{"loc":{"start":{"line":138,"column":0},"end":{"line":159,"column":null}},"type":"if","locations":[{"start":{"line":138,"column":0},"end":{"line":159,"column":null}},{"start":{"line":138,"column":0},"end":{"line":159,"column":null}}]},"9":{"loc":{"start":{"line":138,"column":0},"end":{"line":138,"column":null}},"type":"binary-expr","locations":[{"start":{"line":138,"column":0},"end":{"line":138,"column":null}},{"start":{"line":138,"column":0},"end":{"line":138,"column":null}}]},"10":{"loc":{"start":{"line":144,"column":0},"end":{"line":155,"column":null}},"type":"if","locations":[{"start":{"line":144,"column":0},"end":{"line":155,"column":null}},{"start":{"line":144,"column":0},"end":{"line":155,"column":null}}]}},"s":{"0":1,"1":1,"2":1,"3":1,"4":0,"5":0,"6":0,"7":0,"8":0,"9":0,"10":0,"11":0,"12":0,"13":0,"14":0,"15":0,"16":0,"17":0,"18":0,"19":0,"20":0,"21":0,"22":0,"23":0,"24":0,"25":0,"26":0,"27":0,"28":0,"29":0,"30":0,"31":0,"32":0,"33":0,"34":0,"35":0,"36":0},"f":{"0":0,"1":0,"2":0,"3":0,"4":0,"5":0,"6":0,"7":0,"8":0,"9":0,"10":0,"11":0,"12":0},"b":{"0":[0,0],"1":[0,0],"2":[0,0],"3":[0,0],"4":[0,0],"5":[0,0],"6":[0,0],"7":[0,0],"8":[0,0],"9":[0,0],"10":[0,0]}}
,"C:\\Users\\musta\\Desktop\\bootcamp\\vue-solitaire\\src\\components\\Shared\\TableDeck.vue": {"path":"C:\\Users\\musta\\Desktop\\bootcamp\\vue-solitaire\\src\\components\\Shared\\TableDeck.vue","statementMap":{"0":{"start":{"line":36,"column":0},"end":{"line":36,"column":null}},"1":{"start":{"line":42,"column":0},"end":{"line":42,"column":null}},"2":{"start":{"line":52,"column":0},"end":{"line":52,"column":null}},"3":{"start":{"line":55,"column":0},"end":{"line":55,"column":null}},"4":{"start":{"line":58,"column":0},"end":{"line":58,"column":null}},"5":{"start":{"line":63,"column":0},"end":{"line":63,"column":null}}},"fnMap":{"0":{"name":"(anonymous_1)","decl":{"start":{"line":41,"column":0},"end":{"line":41,"column":null}},"loc":{"start":{"line":41,"column":0},"end":{"line":49,"column":null}}},"1":{"name":"(anonymous_2)","decl":{"start":{"line":51,"column":0},"end":{"line":51,"column":null}},"loc":{"start":{"line":51,"column":0},"end":{"line":53,"column":null}}},"2":{"name":"(anonymous_3)","decl":{"start":{"line":54,"column":0},"end":{"line":54,"column":null}},"loc":{"start":{"line":54,"column":0},"end":{"line":56,"column":null}}},"3":{"name":"(anonymous_4)","decl":{"start":{"line":57,"column":0},"end":{"line":57,"column":null}},"loc":{"start":{"line":57,"column":0},"end":{"line":59,"column":null}}},"4":{"name":"(anonymous_5)","decl":{"start":{"line":62,"column":0},"end":{"line":62,"column":null}},"loc":{"start":{"line":62,"column":0},"end":{"line":64,"column":null}}}},"branchMap":{},"s":{"0":1,"1":0,"2":0,"3":0,"4":0,"5":0},"f":{"0":0,"1":0,"2":0,"3":0,"4":0},"b":{}}
,"C:\\Users\\musta\\Desktop\\bootcamp\\vue-solitaire\\src\\components\\Shared\\TableTop.vue": {"path":"C:\\Users\\musta\\Desktop\\bootcamp\\vue-solitaire\\src\\components\\Shared\\TableTop.vue","statementMap":{"0":{"start":{"line":42,"column":0},"end":{"line":42,"column":null}},"1":{"start":{"line":43,"column":0},"end":{"line":43,"column":null}},"2":{"start":{"line":44,"column":0},"end":{"line":44,"column":null}},"3":{"start":{"line":53,"column":0},"end":{"line":53,"column":null}},"4":{"start":{"line":62,"column":0},"end":{"line":62,"column":null}},"5":{"start":{"line":67,"column":0},"end":{"line":69,"column":null}},"6":{"start":{"line":68,"column":0},"end":{"line":68,"column":null}},"7":{"start":{"line":73,"column":0},"end":{"line":75,"column":null}},"8":{"start":{"line":74,"column":0},"end":{"line":74,"column":null}},"9":{"start":{"line":79,"column":0},"end":{"line":79,"column":null}},"10":{"start":{"line":80,"column":0},"end":{"line":80,"column":null}},"11":{"start":{"line":81,"column":0},"end":{"line":83,"column":null}},"12":{"start":{"line":82,"column":0},"end":{"line":82,"column":null}},"13":{"start":{"line":86,"column":0},"end":{"line":88,"column":null}},"14":{"start":{"line":87,"column":0},"end":{"line":87,"column":null}},"15":{"start":{"line":91,"column":0},"end":{"line":91,"column":null}},"16":{"start":{"line":92,"column":0},"end":{"line":92,"column":null}},"17":{"start":{"line":95,"column":0},"end":{"line":95,"column":null}},"18":{"start":{"line":96,"column":0},"end":{"line":96,"column":null}},"19":{"start":{"line":97,"column":0},"end":{"line":97,"column":null}},"20":{"start":{"line":102,"column":0},"end":{"line":115,"column":null}},"21":{"start":{"line":103,"column":0},"end":{"line":103,"column":null}},"22":{"start":{"line":104,"column":0},"end":{"line":104,"column":null}},"23":{"start":{"line":106,"column":0},"end":{"line":106,"column":null}},"24":{"start":{"line":108,"column":0},"end":{"line":108,"column":null}},"25":{"start":{"line":109,"column":0},"end":{"line":109,"column":null}},"26":{"start":{"line":111,"column":0},"end":{"line":111,"column":null}},"27":{"start":{"line":112,"column":0},"end":{"line":112,"column":null}},"28":{"start":{"line":114,"column":0},"end":{"line":114,"column":null}}},"fnMap":{"0":{"name":"(anonymous_1)","decl":{"start":{"line":52,"column":0},"end":{"line":52,"column":null}},"loc":{"start":{"line":52,"column":0},"end":{"line":59,"column":null}}},"1":{"name":"(anonymous_2)","decl":{"start":{"line":61,"column":0},"end":{"line":61,"column":null}},"loc":{"start":{"line":61,"column":0},"end":{"line":63,"column":null}}},"2":{"name":"(anonymous_3)","decl":{"start":{"line":66,"column":0},"end":{"line":66,"column":null}},"loc":{"start":{"line":66,"column":0},"end":{"line":70,"column":null}}},"3":{"name":"(anonymous_4)","decl":{"start":{"line":72,"column":0},"end":{"line":72,"column":null}},"loc":{"start":{"line":72,"column":0},"end":{"line":76,"column":null}}},"4":{"name":"(anonymous_5)","decl":{"start":{"line":78,"column":0},"end":{"line":78,"column":null}},"loc":{"start":{"line":78,"column":0},"end":{"line":84,"column":null}}},"5":{"name":"(anonymous_6)","decl":{"start":{"line":81,"column":0},"end":{"line":81,"column":null}},"loc":{"start":{"line":81,"column":0},"end":{"line":83,"column":null}}},"6":{"name":"(anonymous_7)","decl":{"start":{"line":85,"column":0},"end":{"line":85,"column":null}},"loc":{"start":{"line":85,"column":0},"end":{"line":89,"column":null}}},"7":{"name":"(anonymous_8)","decl":{"start":{"line":90,"column":0},"end":{"line":90,"column":null}},"loc":{"start":{"line":90,"column":0},"end":{"line":93,"column":null}}},"8":{"name":"(anonymous_9)","decl":{"start":{"line":94,"column":0},"end":{"line":94,"column":null}},"loc":{"start":{"line":94,"column":0},"end":{"line":98,"column":null}}},"9":{"name":"(anonymous_10)","decl":{"start":{"line":101,"column":0},"end":{"line":101,"column":null}},"loc":{"start":{"line":101,"column":0},"end":{"line":116,"column":null}}}},"branchMap":{"0":{"loc":{"start":{"line":67,"column":0},"end":{"line":69,"column":null}},"type":"if","locations":[{"start":{"line":67,"column":0},"end":{"line":69,"column":null}},{"start":{"line":67,"column":0},"end":{"line":69,"column":null}}]},"1":{"loc":{"start":{"line":73,"column":0},"end":{"line":75,"column":null}},"type":"if","locations":[{"start":{"line":73,"column":0},"end":{"line":75,"column":null}},{"start":{"line":73,"column":0},"end":{"line":75,"column":null}}]},"2":{"loc":{"start":{"line":86,"column":0},"end":{"line":88,"column":null}},"type":"if","locations":[{"start":{"line":86,"column":0},"end":{"line":88,"column":null}},{"start":{"line":86,"column":0},"end":{"line":88,"column":null}}]},"3":{"loc":{"start":{"line":102,"column":0},"end":{"line":115,"column":null}},"type":"if","locations":[{"start":{"line":102,"column":0},"end":{"line":115,"column":null}},{"start":{"line":102,"column":0},"end":{"line":115,"column":null}}]},"4":{"loc":{"start":{"line":104,"column":0},"end":{"line":104,"column":null}},"type":"if","locations":[{"start":{"line":104,"column":0},"end":{"line":104,"column":null}},{"start":{"line":104,"column":0},"end":{"line":104,"column":null}}]},"5":{"loc":{"start":{"line":109,"column":0},"end":{"line":109,"column":null}},"type":"if","locations":[{"start":{"line":109,"column":0},"end":{"line":109,"column":null}},{"start":{"line":109,"column":0},"end":{"line":109,"column":null}}]},"6":{"loc":{"start":{"line":112,"column":0},"end":{"line":112,"column":null}},"type":"if","locations":[{"start":{"line":112,"column":0},"end":{"line":112,"column":null}},{"start":{"line":112,"column":0},"end":{"line":112,"column":null}}]}},"s":{"0":1,"1":1,"2":1,"3":0,"4":0,"5":0,"6":0,"7":0,"8":0,"9":0,"10":0,"11":0,"12":0,"13":0,"14":0,"15":0,"16":0,"17":0,"18":0,"19":0,"20":0,"21":0,"22":0,"23":0,"24":0,"25":0,"26":0,"27":0,"28":0},"f":{"0":0,"1":0,"2":0,"3":0,"4":0,"5":0,"6":0,"7":0,"8":0,"9":0},"b":{"0":[0,0],"1":[0,0],"2":[0,0],"3":[0,0],"4":[0,0],"5":[0,0],"6":[0,0]}}
,"C:\\Users\\musta\\Desktop\\bootcamp\\vue-solitaire\\src\\router\\index.js": {"path":"C:\\Users\\musta\\Desktop\\bootcamp\\vue-solitaire\\src\\router\\index.js","statementMap":{"0":{"start":{"line":6,"column":0},"end":{"line":6,"column":18}},"1":{"start":{"line":8,"column":15},"end":{"line":19,"column":1}},"2":{"start":{"line":21,"column":15},"end":{"line":23,"column":2}}},"fnMap":{},"branchMap":{},"s":{"0":0,"1":0,"2":0},"f":{},"b":{},"hash":"b037a06b47fdd2d1f00d07c58c0ae9f444c01560"}
,"C:\\Users\\musta\\Desktop\\bootcamp\\vue-solitaire\\src\\store\\actions.js": {"path":"C:\\Users\\musta\\Desktop\\bootcamp\\vue-solitaire\\src\\store\\actions.js","statementMap":{"0":{"start":{"line":5,"column":8},"end":{"line":5,"column":48}},"1":{"start":{"line":6,"column":8},"end":{"line":6,"column":49}},"2":{"start":{"line":8,"column":8},"end":{"line":8,"column":24}},"3":{"start":{"line":12,"column":8},"end":{"line":12,"column":49}},"4":{"start":{"line":13,"column":8},"end":{"line":13,"column":50}},"5":{"start":{"line":15,"column":8},"end":{"line":15,"column":24}},"6":{"start":{"line":18,"column":8},"end":{"line":28,"column":9}},"7":{"start":{"line":19,"column":12},"end":{"line":27,"column":13}},"8":{"start":{"line":21,"column":16},"end":{"line":21,"column":47}},"9":{"start":{"line":22,"column":16},"end":{"line":22,"column":50}},"10":{"start":{"line":23,"column":16},"end":{"line":23,"column":45}},"11":{"start":{"line":25,"column":16},"end":{"line":25,"column":64}},"12":{"start":{"line":31,"column":29},"end":{"line":31,"column":53}},"13":{"start":{"line":33,"column":8},"end":{"line":56,"column":9}},"14":{"start":{"line":34,"column":41},"end":{"line":37,"column":13}},"15":{"start":{"line":39,"column":12},"end":{"line":39,"column":56}},"16":{"start":{"line":40,"column":12},"end":{"line":40,"column":44}},"17":{"start":{"line":41,"column":12},"end":{"line":41,"column":56}},"18":{"start":{"line":43,"column":12},"end":{"line":55,"column":13}},"19":{"start":{"line":44,"column":16},"end":{"line":44,"column":34}},"20":{"start":{"line":45,"column":16},"end":{"line":48,"column":18}},"21":{"start":{"line":51,"column":16},"end":{"line":54,"column":18}},"22":{"start":{"line":59,"column":8},"end":{"line":74,"column":9}},"23":{"start":{"line":60,"column":12},"end":{"line":73,"column":13}},"24":{"start":{"line":60,"column":22},"end":{"line":60,"column":23}},"25":{"start":{"line":61,"column":33},"end":{"line":61,"column":55}},"26":{"start":{"line":63,"column":16},"end":{"line":72,"column":17}},"27":{"start":{"line":64,"column":33},"end":{"line":64,"column":62}},"28":{"start":{"line":66,"column":36},"end":{"line":69,"column":21}},"29":{"start":{"line":71,"column":20},"end":{"line":71,"column":47}},"30":{"start":{"line":77,"column":8},"end":{"line":80,"column":10}},"31":{"start":{"line":81,"column":8},"end":{"line":81,"column":36}},"32":{"start":{"line":82,"column":8},"end":{"line":82,"column":27}},"33":{"start":{"line":83,"column":8},"end":{"line":83,"column":30}},"34":{"start":{"line":84,"column":8},"end":{"line":84,"column":29}},"35":{"start":{"line":87,"column":21},"end":{"line":87,"column":23}},"36":{"start":{"line":88,"column":8},"end":{"line":94,"column":9}},"37":{"start":{"line":88,"column":18},"end":{"line":88,"column":19}},"38":{"start":{"line":89,"column":26},"end":{"line":92,"column":13}},"39":{"start":{"line":93,"column":12},"end":{"line":93,"column":30}},"40":{"start":{"line":95,"column":8},"end":{"line":95,"column":35}},"41":{"start":{"line":98,"column":41},"end":{"line":98,"column":53}},"42":{"start":{"line":99,"column":8},"end":{"line":99,"column":43}},"43":{"start":{"line":101,"column":8},"end":{"line":116,"column":9}},"44":{"start":{"line":102,"column":12},"end":{"line":115,"column":13}},"45":{"start":{"line":102,"column":22},"end":{"line":102,"column":23}},"46":{"start":{"line":103,"column":33},"end":{"line":103,"column":47}},"47":{"start":{"line":105,"column":16},"end":{"line":114,"column":17}},"48":{"start":{"line":106,"column":33},"end":{"line":106,"column":93}},"49":{"start":{"line":108,"column":36},"end":{"line":111,"column":21}},"50":{"start":{"line":113,"column":20},"end":{"line":113,"column":47}}},"fnMap":{"0":{"name":"(anonymous_0)","decl":{"start":{"line":4,"column":4},"end":{"line":4,"column":5}},"loc":{"start":{"line":4,"column":40},"end":{"line":10,"column":5}},"line":4},"1":{"name":"(anonymous_1)","decl":{"start":{"line":11,"column":4},"end":{"line":11,"column":5}},"loc":{"start":{"line":11,"column":47},"end":{"line":16,"column":5}},"line":11},"2":{"name":"(anonymous_2)","decl":{"start":{"line":17,"column":4},"end":{"line":17,"column":5}},"loc":{"start":{"line":17,"column":40},"end":{"line":29,"column":5}},"line":17},"3":{"name":"(anonymous_3)","decl":{"start":{"line":30,"column":4},"end":{"line":30,"column":5}},"loc":{"start":{"line":30,"column":51},"end":{"line":57,"column":5}},"line":30},"4":{"name":"(anonymous_4)","decl":{"start":{"line":58,"column":4},"end":{"line":58,"column":5}},"loc":{"start":{"line":58,"column":36},"end":{"line":75,"column":5}},"line":58},"5":{"name":"(anonymous_5)","decl":{"start":{"line":76,"column":4},"end":{"line":76,"column":5}},"loc":{"start":{"line":76,"column":30},"end":{"line":85,"column":5}},"line":76},"6":{"name":"(anonymous_6)","decl":{"start":{"line":86,"column":4},"end":{"line":86,"column":5}},"loc":{"start":{"line":86,"column":26},"end":{"line":96,"column":5}},"line":86},"7":{"name":"(anonymous_7)","decl":{"start":{"line":97,"column":4},"end":{"line":97,"column":5}},"loc":{"start":{"line":97,"column":32},"end":{"line":117,"column":5}},"line":97}},"branchMap":{"0":{"loc":{"start":{"line":18,"column":8},"end":{"line":28,"column":9}},"type":"if","locations":[{"start":{"line":18,"column":8},"end":{"line":28,"column":9}},{"start":{"line":18,"column":8},"end":{"line":28,"column":9}}],"line":18},"1":{"loc":{"start":{"line":18,"column":11},"end":{"line":18,"column":82}},"type":"binary-expr","locations":[{"start":{"line":18,"column":11},"end":{"line":18,"column":18}},{"start":{"line":18,"column":22},"end":{"line":18,"column":35}},{"start":{"line":18,"column":39},"end":{"line":18,"column":63}},{"start":{"line":18,"column":67},"end":{"line":18,"column":82}}],"line":18},"2":{"loc":{"start":{"line":19,"column":12},"end":{"line":27,"column":13}},"type":"if","locations":[{"start":{"line":19,"column":12},"end":{"line":27,"column":13}},{"start":{"line":19,"column":12},"end":{"line":27,"column":13}}],"line":19},"3":{"loc":{"start":{"line":33,"column":8},"end":{"line":56,"column":9}},"type":"if","locations":[{"start":{"line":33,"column":8},"end":{"line":56,"column":9}},{"start":{"line":33,"column":8},"end":{"line":56,"column":9}}],"line":33},"4":{"loc":{"start":{"line":43,"column":12},"end":{"line":55,"column":13}},"type":"if","locations":[{"start":{"line":43,"column":12},"end":{"line":55,"column":13}},{"start":{"line":43,"column":12},"end":{"line":55,"column":13}}],"line":43},"5":{"loc":{"start":{"line":59,"column":8},"end":{"line":74,"column":9}},"type":"if","locations":[{"start":{"line":59,"column":8},"end":{"line":74,"column":9}},{"start":{"line":59,"column":8},"end":{"line":74,"column":9}}],"line":59},"6":{"loc":{"start":{"line":59,"column":11},"end":{"line":59,"column":58}},"type":"binary-expr","locations":[{"start":{"line":59,"column":11},"end":{"line":59,"column":27}},{"start":{"line":59,"column":31},"end":{"line":59,"column":58}}],"line":59},"7":{"loc":{"start":{"line":63,"column":16},"end":{"line":72,"column":17}},"type":"if","locations":[{"start":{"line":63,"column":16},"end":{"line":72,"column":17}},{"start":{"line":63,"column":16},"end":{"line":72,"column":17}}],"line":63},"8":{"loc":{"start":{"line":105,"column":16},"end":{"line":114,"column":17}},"type":"if","locations":[{"start":{"line":105,"column":16},"end":{"line":114,"column":17}},{"start":{"line":105,"column":16},"end":{"line":114,"column":17}}],"line":105},"9":{"loc":{"start":{"line":106,"column":57},"end":{"line":106,"column":92}},"type":"cond-expr","locations":[{"start":{"line":106,"column":80},"end":{"line":106,"column":85}},{"start":{"line":106,"column":88},"end":{"line":106,"column":92}}],"line":106}},"s":{"0":6,"1":6,"2":6,"3":1,"4":1,"5":1,"6":0,"7":0,"8":0,"9":0,"10":0,"11":0,"12":0,"13":0,"14":0,"15":0,"16":0,"17":0,"18":0,"19":0,"20":0,"21":0,"22":0,"23":0,"24":0,"25":0,"26":0,"27":0,"28":0,"29":0,"30":7,"31":7,"32":7,"33":7,"34":7,"35":7,"36":7,"37":7,"38":70,"39":70,"40":7,"41":7,"42":7,"43":7,"44":42,"45":42,"46":420,"47":420,"48":378,"49":378,"50":378},"f":{"0":6,"1":1,"2":0,"3":0,"4":0,"5":7,"6":7,"7":7},"b":{"0":[0,0],"1":[0,0,0,0],"2":[0,0],"3":[0,0],"4":[0,0],"5":[0,0],"6":[0,0],"7":[0,0],"8":[378,42],"9":[280,98]},"_coverageSchema":"43e27e138ebf9cfc5966b082cf9a028302ed4184","hash":"ec3b0b9e619e2512695c7bab2629510f99fec5bc"}
,"C:\\Users\\musta\\Desktop\\bootcamp\\vue-solitaire\\src\\store\\getters.js": {"path":"C:\\Users\\musta\\Desktop\\bootcamp\\vue-solitaire\\src\\store\\getters.js","statementMap":{"0":{"start":{"line":3,"column":8},"end":{"line":3,"column":28}},"1":{"start":{"line":6,"column":8},"end":{"line":6,"column":36}},"2":{"start":{"line":9,"column":8},"end":{"line":9,"column":32}},"3":{"start":{"line":12,"column":8},"end":{"line":12,"column":78}}},"fnMap":{"0":{"name":"(anonymous_0)","decl":{"start":{"line":2,"column":4},"end":{"line":2,"column":5}},"loc":{"start":{"line":2,"column":20},"end":{"line":4,"column":5}},"line":2},"1":{"name":"(anonymous_1)","decl":{"start":{"line":5,"column":4},"end":{"line":5,"column":5}},"loc":{"start":{"line":5,"column":25},"end":{"line":7,"column":5}},"line":5},"2":{"name":"(anonymous_2)","decl":{"start":{"line":8,"column":4},"end":{"line":8,"column":5}},"loc":{"start":{"line":8,"column":21},"end":{"line":10,"column":5}},"line":8},"3":{"name":"(anonymous_3)","decl":{"start":{"line":11,"column":4},"end":{"line":11,"column":5}},"loc":{"start":{"line":11,"column":27},"end":{"line":13,"column":5}},"line":11}},"branchMap":{"0":{"loc":{"start":{"line":12,"column":15},"end":{"line":12,"column":77}},"type":"cond-expr","locations":[{"start":{"line":12,"column":65},"end":{"line":12,"column":69}},{"start":{"line":12,"column":72},"end":{"line":12,"column":77}}],"line":12},"1":{"loc":{"start":{"line":12,"column":15},"end":{"line":12,"column":62}},"type":"binary-expr","locations":[{"start":{"line":12,"column":15},"end":{"line":12,"column":31}},{"start":{"line":12,"column":35},"end":{"line":12,"column":62}}],"line":12}},"s":{"0":4,"1":2,"2":2,"3":0},"f":{"0":4,"1":2,"2":2,"3":0},"b":{"0":[0,0],"1":[0,0]},"_coverageSchema":"43e27e138ebf9cfc5966b082cf9a028302ed4184","hash":"ae8827c4a5ac14a2702c78b9e4ac81be22de6519"}
,"C:\\Users\\musta\\Desktop\\bootcamp\\vue-solitaire\\src\\store\\index.js": {"path":"C:\\Users\\musta\\Desktop\\bootcamp\\vue-solitaire\\src\\store\\index.js","statementMap":{"0":{"start":{"line":8,"column":0},"end":{"line":8,"column":14}}},"fnMap":{},"branchMap":{},"s":{"0":5},"f":{},"b":{},"_coverageSchema":"43e27e138ebf9cfc5966b082cf9a028302ed4184","hash":"6f4a9e30e38fea580c490a6ae7537684ed572d27"}
,"C:\\Users\\musta\\Desktop\\bootcamp\\vue-solitaire\\src\\store\\mutations.js": {"path":"C:\\Users\\musta\\Desktop\\bootcamp\\vue-solitaire\\src\\store\\mutations.js","statementMap":{"0":{"start":{"line":5,"column":8},"end":{"line":5,"column":32}},"1":{"start":{"line":8,"column":8},"end":{"line":8,"column":47}},"2":{"start":{"line":11,"column":26},"end":{"line":11,"column":57}},"3":{"start":{"line":13,"column":8},"end":{"line":17,"column":9}},"4":{"start":{"line":14,"column":12},"end":{"line":16,"column":15}},"5":{"start":{"line":15,"column":16},"end":{"line":15,"column":46}},"6":{"start":{"line":21,"column":27},"end":{"line":21,"column":66}},"7":{"start":{"line":23,"column":8},"end":{"line":27,"column":9}},"8":{"start":{"line":24,"column":12},"end":{"line":26,"column":14}},"9":{"start":{"line":25,"column":16},"end":{"line":25,"column":92}},"10":{"start":{"line":25,"column":67},"end":{"line":25,"column":90}},"11":{"start":{"line":30,"column":27},"end":{"line":30,"column":66}},"12":{"start":{"line":32,"column":8},"end":{"line":37,"column":9}},"13":{"start":{"line":33,"column":29},"end":{"line":33,"column":99}},"14":{"start":{"line":34,"column":12},"end":{"line":36,"column":13}},"15":{"start":{"line":35,"column":16},"end":{"line":35,"column":37}},"16":{"start":{"line":41,"column":26},"end":{"line":41,"column":57}},"17":{"start":{"line":43,"column":8},"end":{"line":47,"column":9}},"18":{"start":{"line":44,"column":12},"end":{"line":46,"column":14}},"19":{"start":{"line":45,"column":16},"end":{"line":45,"column":90}},"20":{"start":{"line":45,"column":65},"end":{"line":45,"column":88}},"21":{"start":{"line":50,"column":27},"end":{"line":50,"column":58}},"22":{"start":{"line":52,"column":8},"end":{"line":57,"column":9}},"23":{"start":{"line":53,"column":29},"end":{"line":53,"column":74}},"24":{"start":{"line":54,"column":12},"end":{"line":56,"column":13}},"25":{"start":{"line":55,"column":16},"end":{"line":55,"column":37}},"26":{"start":{"line":61,"column":8},"end":{"line":61,"column":31}},"27":{"start":{"line":64,"column":8},"end":{"line":64,"column":35}},"28":{"start":{"line":67,"column":8},"end":{"line":69,"column":9}},"29":{"start":{"line":68,"column":12},"end":{"line":68,"column":51}},"30":{"start":{"line":72,"column":8},"end":{"line":72,"column":56}},"31":{"start":{"line":75,"column":8},"end":{"line":75,"column":32}},"32":{"start":{"line":78,"column":8},"end":{"line":78,"column":36}},"33":{"start":{"line":81,"column":8},"end":{"line":81,"column":33}},"34":{"start":{"line":84,"column":8},"end":{"line":88,"column":9}},"35":{"start":{"line":85,"column":12},"end":{"line":87,"column":15}}},"fnMap":{"0":{"name":"(anonymous_0)","decl":{"start":{"line":4,"column":4},"end":{"line":4,"column":5}},"loc":{"start":{"line":4,"column":31},"end":{"line":6,"column":5}},"line":4},"1":{"name":"(anonymous_1)","decl":{"start":{"line":7,"column":4},"end":{"line":7,"column":5}},"loc":{"start":{"line":7,"column":32},"end":{"line":9,"column":5}},"line":7},"2":{"name":"(anonymous_2)","decl":{"start":{"line":10,"column":4},"end":{"line":10,"column":5}},"loc":{"start":{"line":10,"column":31},"end":{"line":18,"column":5}},"line":10},"3":{"name":"(anonymous_3)","decl":{"start":{"line":14,"column":34},"end":{"line":14,"column":35}},"loc":{"start":{"line":14,"column":46},"end":{"line":16,"column":13}},"line":14},"4":{"name":"(anonymous_4)","decl":{"start":{"line":19,"column":4},"end":{"line":19,"column":5}},"loc":{"start":{"line":19,"column":36},"end":{"line":28,"column":5}},"line":19},"5":{"name":"(anonymous_5)","decl":{"start":{"line":24,"column":34},"end":{"line":24,"column":35}},"loc":{"start":{"line":24,"column":46},"end":{"line":26,"column":13}},"line":24},"6":{"name":"(anonymous_6)","decl":{"start":{"line":25,"column":59},"end":{"line":25,"column":60}},"loc":{"start":{"line":25,"column":67},"end":{"line":25,"column":90}},"line":25},"7":{"name":"(anonymous_7)","decl":{"start":{"line":29,"column":4},"end":{"line":29,"column":5}},"loc":{"start":{"line":29,"column":32},"end":{"line":38,"column":5}},"line":29},"8":{"name":"(anonymous_8)","decl":{"start":{"line":39,"column":4},"end":{"line":39,"column":5}},"loc":{"start":{"line":39,"column":32},"end":{"line":48,"column":5}},"line":39},"9":{"name":"(anonymous_9)","decl":{"start":{"line":44,"column":34},"end":{"line":44,"column":35}},"loc":{"start":{"line":44,"column":46},"end":{"line":46,"column":13}},"line":44},"10":{"name":"(anonymous_10)","decl":{"start":{"line":45,"column":57},"end":{"line":45,"column":58}},"loc":{"start":{"line":45,"column":65},"end":{"line":45,"column":88}},"line":45},"11":{"name":"(anonymous_11)","decl":{"start":{"line":49,"column":4},"end":{"line":49,"column":5}},"loc":{"start":{"line":49,"column":32},"end":{"line":59,"column":5}},"line":49},"12":{"name":"(anonymous_12)","decl":{"start":{"line":60,"column":4},"end":{"line":60,"column":5}},"loc":{"start":{"line":60,"column":29},"end":{"line":62,"column":5}},"line":60},"13":{"name":"(anonymous_13)","decl":{"start":{"line":63,"column":4},"end":{"line":63,"column":5}},"loc":{"start":{"line":63,"column":33},"end":{"line":65,"column":5}},"line":63},"14":{"name":"(anonymous_14)","decl":{"start":{"line":66,"column":4},"end":{"line":66,"column":5}},"loc":{"start":{"line":66,"column":28},"end":{"line":70,"column":5}},"line":66},"15":{"name":"(anonymous_15)","decl":{"start":{"line":71,"column":4},"end":{"line":71,"column":5}},"loc":{"start":{"line":71,"column":33},"end":{"line":73,"column":5}},"line":71},"16":{"name":"(anonymous_16)","decl":{"start":{"line":74,"column":4},"end":{"line":74,"column":5}},"loc":{"start":{"line":74,"column":29},"end":{"line":76,"column":5}},"line":74},"17":{"name":"(anonymous_17)","decl":{"start":{"line":77,"column":4},"end":{"line":77,"column":5}},"loc":{"start":{"line":77,"column":20},"end":{"line":79,"column":5}},"line":77},"18":{"name":"(anonymous_18)","decl":{"start":{"line":80,"column":4},"end":{"line":80,"column":5}},"loc":{"start":{"line":80,"column":19},"end":{"line":82,"column":5}},"line":80},"19":{"name":"(anonymous_19)","decl":{"start":{"line":83,"column":4},"end":{"line":83,"column":5}},"loc":{"start":{"line":83,"column":29},"end":{"line":89,"column":5}},"line":83}},"branchMap":{"0":{"loc":{"start":{"line":13,"column":8},"end":{"line":17,"column":9}},"type":"if","locations":[{"start":{"line":13,"column":8},"end":{"line":17,"column":9}},{"start":{"line":13,"column":8},"end":{"line":17,"column":9}}],"line":13},"1":{"loc":{"start":{"line":23,"column":8},"end":{"line":27,"column":9}},"type":"if","locations":[{"start":{"line":23,"column":8},"end":{"line":27,"column":9}},{"start":{"line":23,"column":8},"end":{"line":27,"column":9}}],"line":23},"2":{"loc":{"start":{"line":32,"column":8},"end":{"line":37,"column":9}},"type":"if","locations":[{"start":{"line":32,"column":8},"end":{"line":37,"column":9}},{"start":{"line":32,"column":8},"end":{"line":37,"column":9}}],"line":32},"3":{"loc":{"start":{"line":32,"column":11},"end":{"line":32,"column":71}},"type":"binary-expr","locations":[{"start":{"line":32,"column":11},"end":{"line":32,"column":21}},{"start":{"line":32,"column":25},"end":{"line":32,"column":71}}],"line":32},"4":{"loc":{"start":{"line":34,"column":12},"end":{"line":36,"column":13}},"type":"if","locations":[{"start":{"line":34,"column":12},"end":{"line":36,"column":13}},{"start":{"line":34,"column":12},"end":{"line":36,"column":13}}],"line":34},"5":{"loc":{"start":{"line":43,"column":8},"end":{"line":47,"column":9}},"type":"if","locations":[{"start":{"line":43,"column":8},"end":{"line":47,"column":9}},{"start":{"line":43,"column":8},"end":{"line":47,"column":9}}],"line":43},"6":{"loc":{"start":{"line":52,"column":8},"end":{"line":57,"column":9}},"type":"if","locations":[{"start":{"line":52,"column":8},"end":{"line":57,"column":9}},{"start":{"line":52,"column":8},"end":{"line":57,"column":9}}],"line":52},"7":{"loc":{"start":{"line":52,"column":11},"end":{"line":52,"column":52}},"type":"binary-expr","locations":[{"start":{"line":52,"column":11},"end":{"line":52,"column":21}},{"start":{"line":52,"column":25},"end":{"line":52,"column":52}}],"line":52},"8":{"loc":{"start":{"line":54,"column":12},"end":{"line":56,"column":13}},"type":"if","locations":[{"start":{"line":54,"column":12},"end":{"line":56,"column":13}},{"start":{"line":54,"column":12},"end":{"line":56,"column":13}}],"line":54},"9":{"loc":{"start":{"line":67,"column":8},"end":{"line":69,"column":9}},"type":"if","locations":[{"start":{"line":67,"column":8},"end":{"line":69,"column":9}},{"start":{"line":67,"column":8},"end":{"line":69,"column":9}}],"line":67},"10":{"loc":{"start":{"line":67,"column":11},"end":{"line":67,"column":40}},"type":"binary-expr","locations":[{"start":{"line":67,"column":11},"end":{"line":67,"column":24}},{"start":{"line":67,"column":28},"end":{"line":67,"column":40}}],"line":67},"11":{"loc":{"start":{"line":84,"column":8},"end":{"line":88,"column":9}},"type":"if","locations":[{"start":{"line":84,"column":8},"end":{"line":88,"column":9}},{"start":{"line":84,"column":8},"end":{"line":88,"column":9}}],"line":84}},"s":{"0":7,"1":7,"2":0,"3":0,"4":0,"5":0,"6":0,"7":0,"8":0,"9":0,"10":0,"11":0,"12":0,"13":0,"14":0,"15":0,"16":0,"17":0,"18":0,"19":0,"20":0,"21":0,"22":0,"23":0,"24":0,"25":0,"26":7,"27":7,"28":378,"29":378,"30":1,"31":8,"32":8,"33":1,"34":7,"35":0},"f":{"0":7,"1":7,"2":0,"3":0,"4":0,"5":0,"6":0,"7":0,"8":0,"9":0,"10":0,"11":0,"12":7,"13":7,"14":378,"15":1,"16":8,"17":8,"18":1,"19":7},"b":{"0":[0,0],"1":[0,0],"2":[0,0],"3":[0,0],"4":[0,0],"5":[0,0],"6":[0,0],"7":[0,0],"8":[0,0],"9":[378,0],"10":[378,378],"11":[0,7]},"_coverageSchema":"43e27e138ebf9cfc5966b082cf9a028302ed4184","hash":"18e1701f5ec9cdf42e3e18f0634c5041103f9e3b"}
,"C:\\Users\\musta\\Desktop\\bootcamp\\vue-solitaire\\src\\store\\state.js": {"path":"C:\\Users\\musta\\Desktop\\bootcamp\\vue-solitaire\\src\\store\\state.js","statementMap":{},"fnMap":{},"branchMap":{},"s":{},"f":{},"b":{},"_coverageSchema":"43e27e138ebf9cfc5966b082cf9a028302ed4184","hash":"4e5b5b1c5965b720f844a0d92fbce4823b9a03f5"}
,"C:\\Users\\musta\\Desktop\\bootcamp\\vue-solitaire\\src\\util\\Card.js": {"path":"C:\\Users\\musta\\Desktop\\bootcamp\\vue-solitaire\\src\\util\\Card.js","statementMap":{"0":{"start":{"line":7,"column":25},"end":{"line":13,"column":1}},"1":{"start":{"line":8,"column":4},"end":{"line":12,"column":26}},"2":{"start":{"line":8,"column":25},"end":{"line":8,"column":35}},"3":{"start":{"line":9,"column":9},"end":{"line":12,"column":26}},"4":{"start":{"line":9,"column":30},"end":{"line":9,"column":40}},"5":{"start":{"line":10,"column":9},"end":{"line":12,"column":26}},"6":{"start":{"line":10,"column":30},"end":{"line":10,"column":40}},"7":{"start":{"line":11,"column":9},"end":{"line":12,"column":26}},"8":{"start":{"line":11,"column":29},"end":{"line":11,"column":39}},"9":{"start":{"line":12,"column":9},"end":{"line":12,"column":26}},"10":{"start":{"line":15,"column":29},"end":{"line":22,"column":1}},"11":{"start":{"line":16,"column":4},"end":{"line":21,"column":5}},"12":{"start":{"line":24,"column":26},"end":{"line":40,"column":1}},"13":{"start":{"line":25,"column":15},"end":{"line":25,"column":58}},"14":{"start":{"line":25,"column":52},"end":{"line":25,"column":57}},"15":{"start":{"line":26,"column":4},"end":{"line":32,"column":21}},"16":{"start":{"line":34,"column":4},"end":{"line":34,"column":24}},"17":{"start":{"line":36,"column":4},"end":{"line":39,"column":5}},"18":{"start":{"line":43,"column":25},"end":{"line":55,"column":1}},"19":{"start":{"line":44,"column":4},"end":{"line":44,"column":35}},"20":{"start":{"line":44,"column":23},"end":{"line":44,"column":35}},"21":{"start":{"line":46,"column":23},"end":{"line":46,"column":54}},"22":{"start":{"line":48,"column":22},"end":{"line":48,"column":49}},"23":{"start":{"line":50,"column":4},"end":{"line":54,"column":46}},"24":{"start":{"line":57,"column":26},"end":{"line":63,"column":1}},"25":{"start":{"line":58,"column":4},"end":{"line":61,"column":5}},"26":{"start":{"line":59,"column":31},"end":{"line":59,"column":76}},"27":{"start":{"line":60,"column":8},"end":{"line":60,"column":75}},"28":{"start":{"line":60,"column":64},"end":{"line":60,"column":75}},"29":{"start":{"line":62,"column":4},"end":{"line":62,"column":17}},"30":{"start":{"line":65,"column":27},"end":{"line":74,"column":1}},"31":{"start":{"line":66,"column":26},"end":{"line":66,"column":62}},"32":{"start":{"line":68,"column":4},"end":{"line":73,"column":5}},"33":{"start":{"line":69,"column":31},"end":{"line":69,"column":74}},"34":{"start":{"line":70,"column":8},"end":{"line":70,"column":101}},"35":{"start":{"line":70,"column":90},"end":{"line":70,"column":101}},"36":{"start":{"line":72,"column":8},"end":{"line":72,"column":19}},"37":{"start":{"line":76,"column":29},"end":{"line":111,"column":1}},"38":{"start":{"line":77,"column":24},"end":{"line":77,"column":34}},"39":{"start":{"line":79,"column":4},"end":{"line":110,"column":5}},"40":{"start":{"line":80,"column":8},"end":{"line":80,"column":28}},"41":{"start":{"line":82,"column":9},"end":{"line":110,"column":5}},"42":{"start":{"line":83,"column":30},"end":{"line":83,"column":66}},"43":{"start":{"line":85,"column":28},"end":{"line":85,"column":30}},"44":{"start":{"line":86,"column":23},"end":{"line":86,"column":31}},"45":{"start":{"line":88,"column":8},"end":{"line":108,"column":9}},"46":{"start":{"line":88,"column":24},"end":{"line":88,"column":25}},"47":{"start":{"line":89,"column":23},"end":{"line":89,"column":46}},"48":{"start":{"line":90,"column":12},"end":{"line":107,"column":13}},"49":{"start":{"line":91,"column":16},"end":{"line":93,"column":17}},"50":{"start":{"line":92,"column":20},"end":{"line":92,"column":42}},"51":{"start":{"line":96,"column":16},"end":{"line":106,"column":17}},"52":{"start":{"line":97,"column":20},"end":{"line":97,"column":45}},"53":{"start":{"line":99,"column":20},"end":{"line":99,"column":36}},"54":{"start":{"line":100,"column":20},"end":{"line":102,"column":21}},"55":{"start":{"line":101,"column":24},"end":{"line":101,"column":45}},"56":{"start":{"line":105,"column":20},"end":{"line":105,"column":33}},"57":{"start":{"line":109,"column":8},"end":{"line":109,"column":20}},"58":{"start":{"line":113,"column":31},"end":{"line":135,"column":1}},"59":{"start":{"line":114,"column":18},"end":{"line":114,"column":41}},"60":{"start":{"line":116,"column":4},"end":{"line":132,"column":5}},"61":{"start":{"line":118,"column":36},"end":{"line":118,"column":78}},"62":{"start":{"line":120,"column":27},"end":{"line":120,"column":111}},"63":{"start":{"line":120,"column":54},"end":{"line":120,"column":110}},"64":{"start":{"line":122,"column":8},"end":{"line":130,"column":9}},"65":{"start":{"line":122,"column":19},"end":{"line":122,"column":20}},"66":{"start":{"line":124,"column":25},"end":{"line":124,"column":38}},"67":{"start":{"line":125,"column":28},"end":{"line":125,"column":54}},"68":{"start":{"line":126,"column":12},"end":{"line":128,"column":13}},"69":{"start":{"line":127,"column":16},"end":{"line":127,"column":30}},"70":{"start":{"line":134,"column":4},"end":{"line":134,"column":17}},"71":{"start":{"line":137,"column":23},"end":{"line":164,"column":1}},"72":{"start":{"line":138,"column":20},"end":{"line":138,"column":39}},"73":{"start":{"line":140,"column":26},"end":{"line":140,"column":62}},"74":{"start":{"line":142,"column":4},"end":{"line":145,"column":59}},"75":{"start":{"line":143,"column":8},"end":{"line":143,"column":60}},"76":{"start":{"line":145,"column":8},"end":{"line":145,"column":59}},"77":{"start":{"line":147,"column":16},"end":{"line":147,"column":18}},"78":{"start":{"line":148,"column":4},"end":{"line":159,"column":5}},"79":{"start":{"line":148,"column":14},"end":{"line":148,"column":15}},"80":{"start":{"line":150,"column":21},"end":{"line":150,"column":33}},"81":{"start":{"line":151,"column":25},"end":{"line":151,"column":39}},"82":{"start":{"line":153,"column":8},"end":{"line":158,"column":9}},"83":{"start":{"line":154,"column":12},"end":{"line":157,"column":14}},"84":{"start":{"line":161,"column":4},"end":{"line":163,"column":5}},"85":{"start":{"line":162,"column":8},"end":{"line":162,"column":32}}},"fnMap":{"0":{"name":"(anonymous_0)","decl":{"start":{"line":7,"column":25},"end":{"line":7,"column":26}},"loc":{"start":{"line":7,"column":41},"end":{"line":13,"column":1}},"line":7},"1":{"name":"(anonymous_1)","decl":{"start":{"line":15,"column":29},"end":{"line":15,"column":30}},"loc":{"start":{"line":15,"column":47},"end":{"line":22,"column":1}},"line":15},"2":{"name":"(anonymous_2)","decl":{"start":{"line":24,"column":26},"end":{"line":24,"column":27}},"loc":{"start":{"line":24,"column":32},"end":{"line":40,"column":1}},"line":24},"3":{"name":"(anonymous_3)","decl":{"start":{"line":25,"column":42},"end":{"line":25,"column":43}},"loc":{"start":{"line":25,"column":52},"end":{"line":25,"column":57}},"line":25},"4":{"name":"(anonymous_4)","decl":{"start":{"line":43,"column":25},"end":{"line":43,"column":26}},"loc":{"start":{"line":43,"column":52},"end":{"line":55,"column":1}},"line":43},"5":{"name":"(anonymous_5)","decl":{"start":{"line":57,"column":26},"end":{"line":57,"column":27}},"loc":{"start":{"line":57,"column":52},"end":{"line":63,"column":1}},"line":57},"6":{"name":"(anonymous_6)","decl":{"start":{"line":65,"column":27},"end":{"line":65,"column":28}},"loc":{"start":{"line":65,"column":52},"end":{"line":74,"column":1}},"line":65},"7":{"name":"(anonymous_7)","decl":{"start":{"line":76,"column":29},"end":{"line":76,"column":30}},"loc":{"start":{"line":76,"column":55},"end":{"line":111,"column":1}},"line":76},"8":{"name":"(anonymous_8)","decl":{"start":{"line":113,"column":31},"end":{"line":113,"column":32}},"loc":{"start":{"line":113,"column":44},"end":{"line":135,"column":1}},"line":113},"9":{"name":"(anonymous_9)","decl":{"start":{"line":120,"column":46},"end":{"line":120,"column":47}},"loc":{"start":{"line":120,"column":54},"end":{"line":120,"column":110}},"line":120},"10":{"name":"(anonymous_10)","decl":{"start":{"line":137,"column":23},"end":{"line":137,"column":24}},"loc":{"start":{"line":137,"column":29},"end":{"line":164,"column":1}},"line":137}},"branchMap":{"0":{"loc":{"start":{"line":8,"column":4},"end":{"line":12,"column":26}},"type":"if","locations":[{"start":{"line":8,"column":4},"end":{"line":12,"column":26}},{"start":{"line":8,"column":4},"end":{"line":12,"column":26}}],"line":8},"1":{"loc":{"start":{"line":9,"column":9},"end":{"line":12,"column":26}},"type":"if","locations":[{"start":{"line":9,"column":9},"end":{"line":12,"column":26}},{"start":{"line":9,"column":9},"end":{"line":12,"column":26}}],"line":9},"2":{"loc":{"start":{"line":10,"column":9},"end":{"line":12,"column":26}},"type":"if","locations":[{"start":{"line":10,"column":9},"end":{"line":12,"column":26}},{"start":{"line":10,"column":9},"end":{"line":12,"column":26}}],"line":10},"3":{"loc":{"start":{"line":11,"column":9},"end":{"line":12,"column":26}},"type":"if","locations":[{"start":{"line":11,"column":9},"end":{"line":12,"column":26}},{"start":{"line":11,"column":9},"end":{"line":12,"column":26}}],"line":11},"4":{"loc":{"start":{"line":44,"column":4},"end":{"line":44,"column":35}},"type":"if","locations":[{"start":{"line":44,"column":4},"end":{"line":44,"column":35}},{"start":{"line":44,"column":4},"end":{"line":44,"column":35}}],"line":44},"5":{"loc":{"start":{"line":50,"column":11},"end":{"line":54,"column":46}},"type":"binary-expr","locations":[{"start":{"line":51,"column":11},"end":{"line":51,"column":43}},{"start":{"line":52,"column":14},"end":{"line":52,"column":49}},{"start":{"line":54,"column":14},"end":{"line":54,"column":46}}],"line":50},"6":{"loc":{"start":{"line":58,"column":4},"end":{"line":61,"column":5}},"type":"if","locations":[{"start":{"line":58,"column":4},"end":{"line":61,"column":5}},{"start":{"line":58,"column":4},"end":{"line":61,"column":5}}],"line":58},"7":{"loc":{"start":{"line":60,"column":8},"end":{"line":60,"column":75}},"type":"if","locations":[{"start":{"line":60,"column":8},"end":{"line":60,"column":75}},{"start":{"line":60,"column":8},"end":{"line":60,"column":75}}],"line":60},"8":{"loc":{"start":{"line":60,"column":11},"end":{"line":60,"column":62}},"type":"binary-expr","locations":[{"start":{"line":60,"column":11},"end":{"line":60,"column":25}},{"start":{"line":60,"column":29},"end":{"line":60,"column":62}}],"line":60},"9":{"loc":{"start":{"line":68,"column":4},"end":{"line":73,"column":5}},"type":"if","locations":[{"start":{"line":68,"column":4},"end":{"line":73,"column":5}},{"start":{"line":68,"column":4},"end":{"line":73,"column":5}}],"line":68},"10":{"loc":{"start":{"line":70,"column":8},"end":{"line":70,"column":101}},"type":"if","locations":[{"start":{"line":70,"column":8},"end":{"line":70,"column":101}},{"start":{"line":70,"column":8},"end":{"line":70,"column":101}}],"line":70},"11":{"loc":{"start":{"line":70,"column":11},"end":{"line":70,"column":88}},"type":"binary-expr","locations":[{"start":{"line":70,"column":11},"end":{"line":70,"column":25}},{"start":{"line":70,"column":29},"end":{"line":70,"column":88}}],"line":70},"12":{"loc":{"start":{"line":79,"column":4},"end":{"line":110,"column":5}},"type":"if","locations":[{"start":{"line":79,"column":4},"end":{"line":110,"column":5}},{"start":{"line":79,"column":4},"end":{"line":110,"column":5}}],"line":79},"13":{"loc":{"start":{"line":82,"column":9},"end":{"line":110,"column":5}},"type":"if","locations":[{"start":{"line":82,"column":9},"end":{"line":110,"column":5}},{"start":{"line":82,"column":9},"end":{"line":110,"column":5}}],"line":82},"14":{"loc":{"start":{"line":90,"column":12},"end":{"line":107,"column":13}},"type":"if","locations":[{"start":{"line":90,"column":12},"end":{"line":107,"column":13}},{"start":{"line":90,"column":12},"end":{"line":107,"column":13}}],"line":90},"15":{"loc":{"start":{"line":91,"column":16},"end":{"line":93,"column":17}},"type":"if","locations":[{"start":{"line":91,"column":16},"end":{"line":93,"column":17}},{"start":{"line":91,"column":16},"end":{"line":93,"column":17}}],"line":91},"16":{"loc":{"start":{"line":96,"column":16},"end":{"line":106,"column":17}},"type":"if","locations":[{"start":{"line":96,"column":16},"end":{"line":106,"column":17}},{"start":{"line":96,"column":16},"end":{"line":106,"column":17}}],"line":96},"17":{"loc":{"start":{"line":100,"column":20},"end":{"line":102,"column":21}},"type":"if","locations":[{"start":{"line":100,"column":20},"end":{"line":102,"column":21}},{"start":{"line":100,"column":20},"end":{"line":102,"column":21}}],"line":100},"18":{"loc":{"start":{"line":116,"column":4},"end":{"line":132,"column":5}},"type":"if","locations":[{"start":{"line":116,"column":4},"end":{"line":132,"column":5}},{"start":{"line":116,"column":4},"end":{"line":132,"column":5}}],"line":116},"19":{"loc":{"start":{"line":120,"column":54},"end":{"line":120,"column":110}},"type":"binary-expr","locations":[{"start":{"line":120,"column":54},"end":{"line":120,"column":89}},{"start":{"line":120,"column":93},"end":{"line":120,"column":110}}],"line":120},"20":{"loc":{"start":{"line":126,"column":12},"end":{"line":128,"column":13}},"type":"if","locations":[{"start":{"line":126,"column":12},"end":{"line":128,"column":13}},{"start":{"line":126,"column":12},"end":{"line":128,"column":13}}],"line":126},"21":{"loc":{"start":{"line":126,"column":15},"end":{"line":126,"column":46}},"type":"binary-expr","locations":[{"start":{"line":126,"column":15},"end":{"line":126,"column":22}},{"start":{"line":126,"column":26},"end":{"line":126,"column":46}}],"line":126},"22":{"loc":{"start":{"line":142,"column":4},"end":{"line":145,"column":59}},"type":"if","locations":[{"start":{"line":142,"column":4},"end":{"line":145,"column":59}},{"start":{"line":142,"column":4},"end":{"line":145,"column":59}}],"line":142},"23":{"loc":{"start":{"line":153,"column":8},"end":{"line":158,"column":9}},"type":"if","locations":[{"start":{"line":153,"column":8},"end":{"line":158,"column":9}},{"start":{"line":153,"column":8},"end":{"line":158,"column":9}}],"line":153},"24":{"loc":{"start":{"line":161,"column":4},"end":{"line":163,"column":5}},"type":"if","locations":[{"start":{"line":161,"column":4},"end":{"line":163,"column":5}},{"start":{"line":161,"column":4},"end":{"line":163,"column":5}}],"line":161}},"s":{"0":5,"1":380,"2":30,"3":350,"4":27,"5":323,"6":29,"7":294,"8":24,"9":270,"10":5,"11":379,"12":5,"13":8,"14":104,"15":8,"16":8,"17":8,"18":5,"19":0,"20":0,"21":0,"22":0,"23":0,"24":5,"25":2,"26":2,"27":2,"28":1,"29":1,"30":5,"31":2,"32":2,"33":1,"34":1,"35":1,"36":1,"37":5,"38":0,"39":0,"40":0,"41":0,"42":0,"43":0,"44":0,"45":0,"46":0,"47":0,"48":0,"49":0,"50":0,"51":0,"52":0,"53":0,"54":0,"55":0,"56":0,"57":0,"58":5,"59":1,"60":1,"61":0,"62":0,"63":0,"64":0,"65":0,"66":0,"67":0,"68":0,"69":0,"70":1,"71":5,"72":0,"73":0,"74":0,"75":0,"76":0,"77":0,"78":0,"79":0,"80":0,"81":0,"82":0,"83":0,"84":0,"85":0},"f":{"0":380,"1":379,"2":8,"3":104,"4":0,"5":2,"6":2,"7":0,"8":1,"9":0,"10":0},"b":{"0":[30,350],"1":[27,323],"2":[29,294],"3":[24,270],"4":[0,0],"5":[0,0,0],"6":[2,0],"7":[1,1],"8":[2,2],"9":[1,1],"10":[1,0],"11":[1,1],"12":[0,0],"13":[0,0],"14":[0,0],"15":[0,0],"16":[0,0],"17":[0,0],"18":[0,1],"19":[0,0],"20":[0,0],"21":[0,0],"22":[0,0],"23":[0,0],"24":[0,0]},"_coverageSchema":"43e27e138ebf9cfc5966b082cf9a028302ed4184","hash":"fb75247812a0c8f57e6a7dfcf46e52e3cdf112c8"}
,"C:\\Users\\musta\\Desktop\\bootcamp\\vue-solitaire\\src\\util\\functions.js": {"path":"C:\\Users\\musta\\Desktop\\bootcamp\\vue-solitaire\\src\\util\\functions.js","statementMap":{"0":{"start":{"line":3,"column":24},"end":{"line":5,"column":1}},"1":{"start":{"line":4,"column":4},"end":{"line":4,"column":54}},"2":{"start":{"line":6,"column":30},"end":{"line":8,"column":1}},"3":{"start":{"line":7,"column":4},"end":{"line":7,"column":51}},"4":{"start":{"line":7,"column":29},"end":{"line":7,"column":49}},"5":{"start":{"line":9,"column":34},"end":{"line":11,"column":1}},"6":{"start":{"line":10,"column":4},"end":{"line":10,"column":75}},"7":{"start":{"line":10,"column":29},"end":{"line":10,"column":73}},"8":{"start":{"line":10,"column":54},"end":{"line":10,"column":72}},"9":{"start":{"line":12,"column":28},"end":{"line":24,"column":1}},"10":{"start":{"line":13,"column":22},"end":{"line":22,"column":5}},"11":{"start":{"line":23,"column":4},"end":{"line":23,"column":30}},"12":{"start":{"line":25,"column":33},"end":{"line":34,"column":1}},"13":{"start":{"line":26,"column":19},"end":{"line":26,"column":47}},"14":{"start":{"line":27,"column":20},"end":{"line":27,"column":22}},"15":{"start":{"line":28,"column":4},"end":{"line":32,"column":7}},"16":{"start":{"line":29,"column":8},"end":{"line":31,"column":9}},"17":{"start":{"line":30,"column":12},"end":{"line":30,"column":64}},"18":{"start":{"line":33,"column":4},"end":{"line":33,"column":21}}},"fnMap":{"0":{"name":"(anonymous_0)","decl":{"start":{"line":3,"column":24},"end":{"line":3,"column":25}},"loc":{"start":{"line":3,"column":42},"end":{"line":5,"column":1}},"line":3},"1":{"name":"(anonymous_1)","decl":{"start":{"line":6,"column":30},"end":{"line":6,"column":31}},"loc":{"start":{"line":6,"column":43},"end":{"line":8,"column":1}},"line":6},"2":{"name":"(anonymous_2)","decl":{"start":{"line":7,"column":20},"end":{"line":7,"column":21}},"loc":{"start":{"line":7,"column":29},"end":{"line":7,"column":49}},"line":7},"3":{"name":"(anonymous_3)","decl":{"start":{"line":9,"column":34},"end":{"line":9,"column":35}},"loc":{"start":{"line":9,"column":46},"end":{"line":11,"column":1}},"line":9},"4":{"name":"(anonymous_4)","decl":{"start":{"line":10,"column":20},"end":{"line":10,"column":21}},"loc":{"start":{"line":10,"column":29},"end":{"line":10,"column":73}},"line":10},"5":{"name":"(anonymous_5)","decl":{"start":{"line":10,"column":46},"end":{"line":10,"column":47}},"loc":{"start":{"line":10,"column":54},"end":{"line":10,"column":72}},"line":10},"6":{"name":"(anonymous_6)","decl":{"start":{"line":12,"column":28},"end":{"line":12,"column":29}},"loc":{"start":{"line":12,"column":42},"end":{"line":24,"column":1}},"line":12},"7":{"name":"(anonymous_7)","decl":{"start":{"line":25,"column":33},"end":{"line":25,"column":34}},"loc":{"start":{"line":25,"column":39},"end":{"line":34,"column":1}},"line":25},"8":{"name":"(anonymous_8)","decl":{"start":{"line":28,"column":19},"end":{"line":28,"column":20}},"loc":{"start":{"line":28,"column":28},"end":{"line":32,"column":5}},"line":28}},"branchMap":{"0":{"loc":{"start":{"line":29,"column":8},"end":{"line":31,"column":9}},"type":"if","locations":[{"start":{"line":29,"column":8},"end":{"line":31,"column":9}},{"start":{"line":29,"column":8},"end":{"line":31,"column":9}}],"line":29}},"s":{"0":5,"1":3,"2":5,"3":2,"4":2,"5":5,"6":1,"7":1,"8":1,"9":5,"10":10,"11":10,"12":5,"13":0,"14":0,"15":0,"16":0,"17":0,"18":0},"f":{"0":3,"1":2,"2":2,"3":1,"4":1,"5":1,"6":10,"7":0,"8":0},"b":{"0":[0,0]},"_coverageSchema":"43e27e138ebf9cfc5966b082cf9a028302ed4184","hash":"d34e426271ca6a91d7dd59435d02361da0a52102"}
,"C:\\Users\\musta\\Desktop\\bootcamp\\vue-solitaire\\src\\views\\Solitaire.vue": {"path":"C:\\Users\\musta\\Desktop\\bootcamp\\vue-solitaire\\src\\views\\Solitaire.vue","statementMap":{"0":{"start":{"line":17,"column":0},"end":{"line":17,"column":null}},"1":{"start":{"line":18,"column":0},"end":{"line":18,"column":null}},"2":{"start":{"line":19,"column":0},"end":{"line":19,"column":null}},"3":{"start":{"line":20,"column":0},"end":{"line":20,"column":null}},"4":{"start":{"line":33,"column":0},"end":{"line":33,"column":null}}},"fnMap":{"0":{"name":"(anonymous_1)","decl":{"start":{"line":32,"column":0},"end":{"line":32,"column":null}},"loc":{"start":{"line":32,"column":0},"end":{"line":34,"column":null}}}},"branchMap":{},"s":{"0":1,"1":1,"2":1,"3":1,"4":6},"f":{"0":6},"b":{}}
,"C:\\Users\\musta\\Desktop\\bootcamp\\vue-solitaire\\src\\views\\StartGame.vue": {"path":"C:\\Users\\musta\\Desktop\\bootcamp\\vue-solitaire\\src\\views\\StartGame.vue","statementMap":{"0":{"start":{"line":41,"column":0},"end":{"line":41,"column":null}},"1":{"start":{"line":42,"column":0},"end":{"line":42,"column":null}},"2":{"start":{"line":43,"column":0},"end":{"line":43,"column":null}},"3":{"start":{"line":53,"column":0},"end":{"line":53,"column":null}},"4":{"start":{"line":54,"column":0},"end":{"line":54,"column":null}},"5":{"start":{"line":57,"column":0},"end":{"line":57,"column":null}},"6":{"start":{"line":58,"column":0},"end":{"line":58,"column":null}},"7":{"start":{"line":61,"column":0},"end":{"line":65,"column":null}},"8":{"start":{"line":62,"column":0},"end":{"line":62,"column":null}},"9":{"start":{"line":64,"column":0},"end":{"line":64,"column":null}}},"fnMap":{"0":{"name":"(anonymous_1)","decl":{"start":{"line":52,"column":0},"end":{"line":52,"column":null}},"loc":{"start":{"line":52,"column":0},"end":{"line":55,"column":null}}},"1":{"name":"(anonymous_2)","decl":{"start":{"line":56,"column":0},"end":{"line":56,"column":null}},"loc":{"start":{"line":56,"column":0},"end":{"line":59,"column":null}}},"2":{"name":"(anonymous_3)","decl":{"start":{"line":60,"column":0},"end":{"line":60,"column":null}},"loc":{"start":{"line":60,"column":0},"end":{"line":66,"column":null}}}},"branchMap":{},"s":{"0":1,"1":1,"2":1,"3":1,"4":1,"5":1,"6":1,"7":2,"8":2,"9":0},"f":{"0":1,"1":1,"2":2},"b":{}}
}
