TN:
SF:C:\Users\musta\Desktop\bootcamp\vue-solitaire\src\main.js
FN:18,(anonymous_0)
FNF:1
FNH:0
FNDA:0,(anonymous_0)
DA:11,0
DA:13,0
DA:15,0
DA:18,0
LF:4
LH:0
BRF:0
BRH:0
end_of_record
TN:
SF:C:\Users\musta\Desktop\bootcamp\vue-solitaire\src\components\Dialog\BackDialog.vue
FN:33,(anonymous_1)
FN:40,(anonymous_2)
FN:43,(anonymous_3)
FNF:3
FNH:3
FNDA:4,(anonymous_1)
FNDA:1,(anonymous_2)
FNDA:1,(anonymous_3)
DA:16,2
DA:17,2
DA:18,2
DA:19,2
DA:34,4
DA:41,1
DA:44,1
LF:7
LH:7
BRF:0
BRH:0
end_of_record
TN:
SF:C:\Users\musta\Desktop\bootcamp\vue-solitaire\src\components\Dialog\RestartDialog.vue
FN:33,(anonymous_1)
FN:40,(anonymous_2)
FN:43,(anonymous_3)
FNF:3
FNH:3
FNDA:4,(anonymous_1)
FNDA:1,(anonymous_2)
FNDA:1,(anonymous_3)
DA:16,2
DA:17,2
DA:18,2
DA:19,2
DA:34,4
DA:41,1
DA:44,1
LF:7
LH:7
BRF:0
BRH:0
end_of_record
TN:
SF:C:\Users\musta\Desktop\bootcamp\vue-solitaire\src\components\Main\Board.vue
FN:22,(anonymous_1)
FNF:1
FNH:0
FNDA:0,(anonymous_1)
DA:23,0
DA:24,0
DA:28,0
LF:3
LH:0
BRF:0
BRH:0
end_of_record
TN:
SF:C:\Users\musta\Desktop\bootcamp\vue-solitaire\src\components\Shared\TableBody.vue
FN:52,(anonymous_1)
FN:60,(anonymous_2)
FN:65,(anonymous_3)
FN:68,(anonymous_4)
FN:71,(anonymous_5)
FN:82,(anonymous_6)
FN:88,(anonymous_7)
FN:91,(anonymous_8)
FN:123,(anonymous_9)
FN:126,(anonymous_10)
FN:135,(anonymous_11)
FN:140,(anonymous_12)
FN:150,(anonymous_13)
FNF:13
FNH:0
FNDA:0,(anonymous_1)
FNDA:0,(anonymous_2)
FNDA:0,(anonymous_3)
FNDA:0,(anonymous_4)
FNDA:0,(anonymous_5)
FNDA:0,(anonymous_6)
FNDA:0,(anonymous_7)
FNDA:0,(anonymous_8)
FNDA:0,(anonymous_9)
FNDA:0,(anonymous_10)
FNDA:0,(anonymous_11)
FNDA:0,(anonymous_12)
FNDA:0,(anonymous_13)
DA:39,1
DA:40,1
DA:41,1
DA:43,1
DA:53,0
DA:61,0
DA:66,0
DA:69,0
DA:72,0
DA:74,0
DA:76,0
DA:78,0
DA:79,0
DA:83,0
DA:89,0
DA:91,0
DA:93,0
DA:95,0
DA:97,0
DA:99,0
DA:101,0
DA:102,0
DA:109,0
DA:118,0
DA:124,0
DA:126,0
DA:127,0
DA:128,0
DA:129,0
DA:136,0
DA:138,0
DA:140,0
DA:141,0
DA:144,0
DA:146,0
DA:150,0
DA:151,0
LF:37
LH:4
BRDA:72,0,0,0
BRDA:72,0,1,0
BRDA:72,1,0,0
BRDA:72,1,1,0
BRDA:89,2,0,0
BRDA:89,2,1,0
BRDA:89,3,0,0
BRDA:89,3,1,0
BRDA:101,4,0,0
BRDA:101,4,1,0
BRDA:124,5,0,0
BRDA:124,5,1,0
BRDA:124,6,0,0
BRDA:124,6,1,0
BRDA:128,7,0,0
BRDA:128,7,1,0
BRDA:138,8,0,0
BRDA:138,8,1,0
BRDA:138,9,0,0
BRDA:138,9,1,0
BRDA:144,10,0,0
BRDA:144,10,1,0
BRF:22
BRH:0
end_of_record
TN:
SF:C:\Users\musta\Desktop\bootcamp\vue-solitaire\src\components\Shared\TableDeck.vue
FN:41,(anonymous_1)
FN:51,(anonymous_2)
FN:54,(anonymous_3)
FN:57,(anonymous_4)
FN:62,(anonymous_5)
FNF:5
FNH:0
FNDA:0,(anonymous_1)
FNDA:0,(anonymous_2)
FNDA:0,(anonymous_3)
FNDA:0,(anonymous_4)
FNDA:0,(anonymous_5)
DA:36,1
DA:42,0
DA:52,0
DA:55,0
DA:58,0
DA:63,0
LF:6
LH:1
BRF:0
BRH:0
end_of_record
TN:
SF:C:\Users\musta\Desktop\bootcamp\vue-solitaire\src\components\Shared\TableTop.vue
FN:52,(anonymous_1)
FN:61,(anonymous_2)
FN:66,(anonymous_3)
FN:72,(anonymous_4)
FN:78,(anonymous_5)
FN:81,(anonymous_6)
FN:85,(anonymous_7)
FN:90,(anonymous_8)
FN:94,(anonymous_9)
FN:101,(anonymous_10)
FNF:10
FNH:0
FNDA:0,(anonymous_1)
FNDA:0,(anonymous_2)
FNDA:0,(anonymous_3)
FNDA:0,(anonymous_4)
FNDA:0,(anonymous_5)
FNDA:0,(anonymous_6)
FNDA:0,(anonymous_7)
FNDA:0,(anonymous_8)
FNDA:0,(anonymous_9)
FNDA:0,(anonymous_10)
DA:42,1
DA:43,1
DA:44,1
DA:53,0
DA:62,0
DA:67,0
DA:68,0
DA:73,0
DA:74,0
DA:79,0
DA:80,0
DA:81,0
DA:82,0
DA:86,0
DA:87,0
DA:91,0
DA:92,0
DA:95,0
DA:96,0
DA:97,0
DA:102,0
DA:103,0
DA:104,0
DA:106,0
DA:108,0
DA:109,0
DA:111,0
DA:112,0
DA:114,0
LF:29
LH:3
BRDA:67,0,0,0
BRDA:67,0,1,0
BRDA:73,1,0,0
BRDA:73,1,1,0
BRDA:86,2,0,0
BRDA:86,2,1,0
BRDA:102,3,0,0
BRDA:102,3,1,0
BRDA:104,4,0,0
BRDA:104,4,1,0
BRDA:109,5,0,0
BRDA:109,5,1,0
BRDA:112,6,0,0
BRDA:112,6,1,0
BRF:14
BRH:0
end_of_record
TN:
SF:C:\Users\musta\Desktop\bootcamp\vue-solitaire\src\router\index.js
FNF:0
FNH:0
DA:6,0
DA:8,0
DA:21,0
LF:3
LH:0
BRF:0
BRH:0
end_of_record
TN:
SF:C:\Users\musta\Desktop\bootcamp\vue-solitaire\src\store\actions.js
FN:4,(anonymous_0)
FN:11,(anonymous_1)
FN:17,(anonymous_2)
FN:30,(anonymous_3)
FN:58,(anonymous_4)
FN:76,(anonymous_5)
FN:86,(anonymous_6)
FN:97,(anonymous_7)
FNF:8
FNH:5
FNDA:6,(anonymous_0)
FNDA:1,(anonymous_1)
FNDA:0,(anonymous_2)
FNDA:0,(anonymous_3)
FNDA:0,(anonymous_4)
FNDA:7,(anonymous_5)
FNDA:7,(anonymous_6)
FNDA:7,(anonymous_7)
DA:5,6
DA:6,6
DA:8,6
DA:12,1
DA:13,1
DA:15,1
DA:18,0
DA:19,0
DA:21,0
DA:22,0
DA:23,0
DA:25,0
DA:31,0
DA:33,0
DA:34,0
DA:39,0
DA:40,0
DA:41,0
DA:43,0
DA:44,0
DA:45,0
DA:51,0
DA:59,0
DA:60,0
DA:61,0
DA:63,0
DA:64,0
DA:66,0
DA:71,0
DA:77,7
DA:81,7
DA:82,7
DA:83,7
DA:84,7
DA:87,7
DA:88,7
DA:89,70
DA:93,70
DA:95,7
DA:98,7
DA:99,7
DA:101,7
DA:102,42
DA:103,420
DA:105,420
DA:106,378
DA:108,378
DA:113,378
LF:48
LH:25
BRDA:18,0,0,0
BRDA:18,0,1,0
BRDA:18,1,0,0
BRDA:18,1,1,0
BRDA:18,1,2,0
BRDA:18,1,3,0
BRDA:19,2,0,0
BRDA:19,2,1,0
BRDA:33,3,0,0
BRDA:33,3,1,0
BRDA:43,4,0,0
BRDA:43,4,1,0
BRDA:59,5,0,0
BRDA:59,5,1,0
BRDA:59,6,0,0
BRDA:59,6,1,0
BRDA:63,7,0,0
BRDA:63,7,1,0
BRDA:105,8,0,378
BRDA:105,8,1,42
BRDA:106,9,0,280
BRDA:106,9,1,98
BRF:22
BRH:4
end_of_record
TN:
SF:C:\Users\musta\Desktop\bootcamp\vue-solitaire\src\store\getters.js
FN:2,(anonymous_0)
FN:5,(anonymous_1)
FN:8,(anonymous_2)
FN:11,(anonymous_3)
FNF:4
FNH:3
FNDA:4,(anonymous_0)
FNDA:2,(anonymous_1)
FNDA:2,(anonymous_2)
FNDA:0,(anonymous_3)
DA:3,4
DA:6,2
DA:9,2
DA:12,0
LF:4
LH:3
BRDA:12,0,0,0
BRDA:12,0,1,0
BRDA:12,1,0,0
BRDA:12,1,1,0
BRF:4
BRH:0
end_of_record
TN:
SF:C:\Users\musta\Desktop\bootcamp\vue-solitaire\src\store\index.js
FNF:0
FNH:0
DA:8,5
LF:1
LH:1
BRF:0
BRH:0
end_of_record
TN:
SF:C:\Users\musta\Desktop\bootcamp\vue-solitaire\src\store\mutations.js
FN:4,(anonymous_0)
FN:7,(anonymous_1)
FN:10,(anonymous_2)
FN:14,(anonymous_3)
FN:19,(anonymous_4)
FN:24,(anonymous_5)
FN:25,(anonymous_6)
FN:29,(anonymous_7)
FN:39,(anonymous_8)
FN:44,(anonymous_9)
FN:45,(anonymous_10)
FN:49,(anonymous_11)
FN:60,(anonymous_12)
FN:63,(anonymous_13)
FN:66,(anonymous_14)
FN:71,(anonymous_15)
FN:74,(anonymous_16)
FN:77,(anonymous_17)
FN:80,(anonymous_18)
FN:83,(anonymous_19)
FNF:20
FNH:10
FNDA:7,(anonymous_0)
FNDA:7,(anonymous_1)
FNDA:0,(anonymous_2)
FNDA:0,(anonymous_3)
FNDA:0,(anonymous_4)
FNDA:0,(anonymous_5)
FNDA:0,(anonymous_6)
FNDA:0,(anonymous_7)
FNDA:0,(anonymous_8)
FNDA:0,(anonymous_9)
FNDA:0,(anonymous_10)
FNDA:0,(anonymous_11)
FNDA:7,(anonymous_12)
FNDA:7,(anonymous_13)
FNDA:378,(anonymous_14)
FNDA:1,(anonymous_15)
FNDA:8,(anonymous_16)
FNDA:8,(anonymous_17)
FNDA:1,(anonymous_18)
FNDA:7,(anonymous_19)
DA:5,7
DA:8,7
DA:11,0
DA:13,0
DA:14,0
DA:15,0
DA:21,0
DA:23,0
DA:24,0
DA:25,0
DA:30,0
DA:32,0
DA:33,0
DA:34,0
DA:35,0
DA:41,0
DA:43,0
DA:44,0
DA:45,0
DA:50,0
DA:52,0
DA:53,0
DA:54,0
DA:55,0
DA:61,7
DA:64,7
DA:67,378
DA:68,378
DA:72,1
DA:75,8
DA:78,8
DA:81,1
DA:84,7
DA:85,0
LF:34
LH:11
BRDA:13,0,0,0
BRDA:13,0,1,0
BRDA:23,1,0,0
BRDA:23,1,1,0
BRDA:32,2,0,0
BRDA:32,2,1,0
BRDA:32,3,0,0
BRDA:32,3,1,0
BRDA:34,4,0,0
BRDA:34,4,1,0
BRDA:43,5,0,0
BRDA:43,5,1,0
BRDA:52,6,0,0
BRDA:52,6,1,0
BRDA:52,7,0,0
BRDA:52,7,1,0
BRDA:54,8,0,0
BRDA:54,8,1,0
BRDA:67,9,0,378
BRDA:67,9,1,0
BRDA:67,10,0,378
BRDA:67,10,1,378
BRDA:84,11,0,0
BRDA:84,11,1,7
BRF:24
BRH:4
end_of_record
TN:
SF:C:\Users\musta\Desktop\bootcamp\vue-solitaire\src\store\state.js
FNF:0
FNH:0
LF:0
LH:0
BRF:0
BRH:0
end_of_record
TN:
SF:C:\Users\musta\Desktop\bootcamp\vue-solitaire\src\util\Card.js
FN:7,(anonymous_0)
FN:15,(anonymous_1)
FN:24,(anonymous_2)
FN:25,(anonymous_3)
FN:43,(anonymous_4)
FN:57,(anonymous_5)
FN:65,(anonymous_6)
FN:76,(anonymous_7)
FN:108,(anonymous_8)
FN:114,(anonymous_9)
FN:127,(anonymous_10)
FNF:11
FNH:7
FNDA:380,(anonymous_0)
FNDA:379,(anonymous_1)
FNDA:8,(anonymous_2)
FNDA:104,(anonymous_3)
FNDA:0,(anonymous_4)
FNDA:2,(anonymous_5)
FNDA:2,(anonymous_6)
FNDA:0,(anonymous_7)
FNDA:1,(anonymous_8)
FNDA:0,(anonymous_9)
FNDA:0,(anonymous_10)
DA:7,5
DA:8,380
DA:9,353
DA:10,319
DA:11,290
DA:12,262
DA:15,5
DA:16,379
DA:24,5
DA:25,104
DA:26,8
DA:34,8
DA:36,8
DA:43,5
DA:44,0
DA:46,0
DA:48,0
DA:50,0
DA:57,5
DA:58,2
DA:59,2
DA:60,2
DA:62,1
DA:65,5
DA:66,2
DA:68,2
DA:69,1
DA:70,1
DA:72,1
DA:76,5
DA:77,0
DA:79,0
DA:80,0
DA:82,0
DA:83,0
DA:85,0
DA:86,0
DA:88,0
DA:89,0
DA:90,0
DA:91,0
DA:92,0
DA:95,0
DA:96,0
DA:97,0
DA:98,0
DA:99,0
DA:104,0
DA:108,5
DA:109,1
DA:111,1
DA:112,0
DA:114,0
DA:116,0
DA:117,0
DA:118,0
DA:119,0
DA:124,1
DA:127,5
DA:128,0
DA:130,0
DA:132,0
DA:133,0
DA:135,0
DA:137,0
DA:138,0
DA:140,0
DA:141,0
DA:143,0
DA:144,0
DA:151,0
DA:152,0
LF:72
LH:31
BRDA:8,0,0,27
BRDA:8,0,1,353
BRDA:9,1,0,34
BRDA:9,1,1,319
BRDA:10,2,0,29
BRDA:10,2,1,290
BRDA:11,3,0,28
BRDA:11,3,1,262
BRDA:44,4,0,0
BRDA:44,4,1,0
BRDA:50,5,0,0
BRDA:50,5,1,0
BRDA:50,5,2,0
BRDA:58,6,0,2
BRDA:58,6,1,0
BRDA:60,7,0,1
BRDA:60,7,1,1
BRDA:60,8,0,2
BRDA:60,8,1,2
BRDA:68,9,0,1
BRDA:68,9,1,1
BRDA:70,10,0,1
BRDA:70,10,1,0
BRDA:70,11,0,1
BRDA:70,11,1,1
BRDA:79,12,0,0
BRDA:79,12,1,0
BRDA:82,13,0,0
BRDA:82,13,1,0
BRDA:90,14,0,0
BRDA:90,14,1,0
BRDA:91,15,0,0
BRDA:91,15,1,0
BRDA:95,16,0,0
BRDA:95,16,1,0
BRDA:98,17,0,0
BRDA:98,17,1,0
BRDA:111,18,0,0
BRDA:111,18,1,1
BRDA:114,19,0,0
BRDA:114,19,1,0
BRDA:119,20,0,0
BRDA:119,20,1,0
BRDA:119,21,0,0
BRDA:119,21,1,0
BRDA:132,22,0,0
BRDA:132,22,1,0
BRDA:143,23,0,0
BRDA:143,23,1,0
BRDA:151,24,0,0
BRDA:151,24,1,0
BRF:51
BRH:19
end_of_record
TN:
SF:C:\Users\musta\Desktop\bootcamp\vue-solitaire\src\util\functions.js
FN:3,(anonymous_0)
FN:6,(anonymous_1)
FN:7,(anonymous_2)
FN:9,(anonymous_3)
FN:10,(anonymous_4)
FN:10,(anonymous_5)
FN:12,(anonymous_6)
FN:25,(anonymous_7)
FN:28,(anonymous_8)
FNF:9
FNH:7
FNDA:3,(anonymous_0)
FNDA:2,(anonymous_1)
FNDA:2,(anonymous_2)
FNDA:1,(anonymous_3)
FNDA:1,(anonymous_4)
FNDA:1,(anonymous_5)
FNDA:10,(anonymous_6)
FNDA:0,(anonymous_7)
FNDA:0,(anonymous_8)
DA:3,5
DA:4,3
DA:6,5
DA:7,2
DA:9,5
DA:10,1
DA:12,5
DA:13,10
DA:23,10
DA:25,5
DA:26,0
DA:27,0
DA:28,0
DA:29,0
DA:30,0
DA:33,0
LF:16
LH:10
BRDA:29,0,0,0
BRDA:29,0,1,0
BRF:2
BRH:0
end_of_record
TN:
SF:C:\Users\musta\Desktop\bootcamp\vue-solitaire\src\views\Solitaire.vue
FN:32,(anonymous_1)
FNF:1
FNH:1
FNDA:6,(anonymous_1)
DA:17,1
DA:18,1
DA:19,1
DA:20,1
DA:33,6
LF:5
LH:5
BRF:0
BRH:0
end_of_record
TN:
SF:C:\Users\musta\Desktop\bootcamp\vue-solitaire\src\views\StartGame.vue
FN:52,(anonymous_1)
FN:56,(anonymous_2)
FN:60,(anonymous_3)
FNF:3
FNH:3
FNDA:1,(anonymous_1)
FNDA:1,(anonymous_2)
FNDA:2,(anonymous_3)
DA:41,1
DA:42,1
DA:43,1
DA:53,1
DA:54,1
DA:57,1
DA:58,1
DA:61,2
DA:62,2
DA:64,0
LF:10
LH:9
BRF:0
BRH:0
end_of_record
